#
# There is insufficient memory for the Java Runtime Environment to continue.
# Native memory allocation (malloc) failed to allocate 596736 bytes for Chunk::new
# Possible reasons:
#   The system is out of physical RAM or swap space
#   The process is running with CompressedOops enabled, and the Java Heap may be blocking the growth of the native heap
# Possible solutions:
#   Reduce memory load on the system
#   Increase physical memory or swap space
#   Check if swap backing store is full
#   Decrease Java heap size (-Xmx/-Xms)
#   Decrease number of Java threads
#   Decrease Java thread stack sizes (-Xss)
#   Set larger code cache with -XX:ReservedCodeCacheSize=
#   JVM is running with Unscaled Compressed Oops mode in which the Java heap is
#     placed in the first 4GB address space. The Java Heap base address is the
#     maximum limit for the native heap growth. Please use -XX:HeapBaseMinAddress
#     to set the Java Heap base and to place the Java Heap above 4GB virtual address.
# This output file may be truncated or incomplete.
#
#  Out of Memory Error (./src/hotspot/share/memory/arena.cpp:197), pid=14720, tid=11696
#
# JRE version: OpenJDK Runtime Environment (11.0.12+7) (build 11.0.12+7-b1504.28-7817840)
# Java VM: OpenJDK 64-Bit Server VM (11.0.12+7-b1504.28-7817840, mixed mode, tiered, compressed oops, g1 gc, windows-amd64)
# No core dump will be written. Minidumps are not enabled by default on client versions of Windows
#

---------------  S U M M A R Y ------------

Command Line: --add-opens=java.base/java.util=ALL-UNNAMED --add-opens=java.base/java.lang=ALL-UNNAMED --add-opens=java.base/java.lang.invoke=ALL-UNNAMED --add-opens=java.base/java.util=ALL-UNNAMED --add-opens=java.prefs/java.util.prefs=ALL-UNNAMED --add-opens=java.prefs/java.util.prefs=ALL-UNNAMED --add-opens=java.base/java.nio.charset=ALL-UNNAMED --add-opens=java.base/java.net=ALL-UNNAMED --add-opens=java.base/java.util.concurrent.atomic=ALL-UNNAMED -Xmx1536M -Dfile.encoding=windows-1252 -Duser.country=BR -Duser.language=pt -Duser.variant org.gradle.launcher.daemon.bootstrap.GradleDaemon 7.4

Host: Intel(R) Core(TM) i5-7200U CPU @ 2.50GHz, 4 cores, 15G,  Windows 10 , 64 bit Build 22000 (10.0.22000.1219)
Time: Tue Dec 13 22:25:05 2022 Hora Padrão do Brasil Central elapsed time: 15.874079 seconds (0d 0h 0m 15s)

---------------  T H R E A D  ---------------

Current thread (0x00000192b7028800):  JavaThread "C2 CompilerThread1" daemon [_thread_in_native, id=11696, stack(0x000000052f200000,0x000000052f300000)]


Current CompileTask:
C2:  15874 3997       4       jdk.internal.org.objectweb.asm.Frame::execute (2264 bytes)

Stack: [0x000000052f200000,0x000000052f300000]
Native frames: (J=compiled Java code, j=interpreted, Vv=VM code, C=native code)
V  [jvm.dll+0x5fbcea]
V  [jvm.dll+0x731905]
V  [jvm.dll+0x732f1d]
V  [jvm.dll+0x7335d3]
V  [jvm.dll+0x247bf8]
V  [jvm.dll+0xc018c]
V  [jvm.dll+0xc06cc]
V  [jvm.dll+0x2bcc04]
V  [jvm.dll+0x5113a8]
V  [jvm.dll+0x201c5a]
V  [jvm.dll+0x1ff71f]
V  [jvm.dll+0x18868c]
V  [jvm.dll+0x20e0d7]
V  [jvm.dll+0x20c901]
V  [jvm.dll+0x6f9b7f]
V  [jvm.dll+0x6f26a5]
V  [jvm.dll+0x5fabf6]
C  [ucrtbase.dll+0x26c0c]
C  [KERNEL32.DLL+0x15550]
C  [ntdll.dll+0x485b]


---------------  P R O C E S S  ---------------

Threads class SMR info:
_java_thread_list=0x00000192b62ae1c0, length=38, elements={
0x000001929a316000, 0x00000192b3465000, 0x00000192b3466000, 0x00000192b34e9800,
0x00000192b34eb000, 0x00000192b34ec800, 0x00000192b34ee000, 0x00000192b34f3000,
0x00000192b34f8000, 0x00000192b3669800, 0x00000192b4f0c000, 0x00000192b4cb8000,
0x00000192b4e62800, 0x00000192b5d00800, 0x00000192b5e95000, 0x00000192b4db7800,
0x00000192b4db8800, 0x00000192b45a8000, 0x00000192b57a3800, 0x00000192b56e6000,
0x00000192b56e3000, 0x00000192b56e7000, 0x00000192b56e2000, 0x00000192b56e3800,
0x00000192b56e8000, 0x00000192b56e5800, 0x00000192b56e8800, 0x00000192b56e4800,
0x00000192b3eef000, 0x00000192b3ef2800, 0x00000192b3eee800, 0x00000192b3ef4000,
0x00000192b3ef5000, 0x00000192b3ef5800, 0x00000192b3ef6800, 0x00000192b3ef1000,
0x00000192b7028800, 0x00000192b3ef7800
}

Java Threads: ( => current thread )
  0x000001929a316000 JavaThread "main" [_thread_blocked, id=13832, stack(0x000000052cd00000,0x000000052ce00000)]
  0x00000192b3465000 JavaThread "Reference Handler" daemon [_thread_blocked, id=14708, stack(0x000000052d400000,0x000000052d500000)]
  0x00000192b3466000 JavaThread "Finalizer" daemon [_thread_blocked, id=27816, stack(0x000000052d500000,0x000000052d600000)]
  0x00000192b34e9800 JavaThread "Signal Dispatcher" daemon [_thread_blocked, id=22992, stack(0x000000052d600000,0x000000052d700000)]
  0x00000192b34eb000 JavaThread "Attach Listener" daemon [_thread_blocked, id=28336, stack(0x000000052d700000,0x000000052d800000)]
  0x00000192b34ec800 JavaThread "Service Thread" daemon [_thread_blocked, id=20964, stack(0x000000052d800000,0x000000052d900000)]
  0x00000192b34ee000 JavaThread "C2 CompilerThread0" daemon [_thread_blocked, id=22564, stack(0x000000052d900000,0x000000052da00000)]
  0x00000192b34f3000 JavaThread "C1 CompilerThread0" daemon [_thread_blocked, id=11596, stack(0x000000052da00000,0x000000052db00000)]
  0x00000192b34f8000 JavaThread "Sweeper thread" daemon [_thread_blocked, id=19360, stack(0x000000052db00000,0x000000052dc00000)]
  0x00000192b3669800 JavaThread "Common-Cleaner" daemon [_thread_blocked, id=21500, stack(0x000000052dc00000,0x000000052dd00000)]
  0x00000192b4f0c000 JavaThread "Daemon health stats" [_thread_blocked, id=21376, stack(0x000000052e200000,0x000000052e300000)]
  0x00000192b4cb8000 JavaThread "Incoming local TCP Connector on port 56796" [_thread_in_native, id=9708, stack(0x000000052de00000,0x000000052df00000)]
  0x00000192b4e62800 JavaThread "Daemon periodic checks" [_thread_blocked, id=23140, stack(0x000000052e300000,0x000000052e400000)]
  0x00000192b5d00800 JavaThread "Daemon" [_thread_blocked, id=8772, stack(0x000000052e400000,0x000000052e500000)]
  0x00000192b5e95000 JavaThread "Handler for socket connection from /127.0.0.1:56796 to /127.0.0.1:56797" [_thread_in_native, id=4524, stack(0x000000052e500000,0x000000052e600000)]
  0x00000192b4db7800 JavaThread "Cancel handler" [_thread_blocked, id=1664, stack(0x000000052e600000,0x000000052e700000)]
  0x00000192b4db8800 JavaThread "Daemon worker" [_thread_in_vm, id=19264, stack(0x000000052e700000,0x000000052e800000)]
  0x00000192b45a8000 JavaThread "Asynchronous log dispatcher for DefaultDaemonConnection: socket connection from /127.0.0.1:56796 to /127.0.0.1:56797" [_thread_blocked, id=21516, stack(0x000000052e800000,0x000000052e900000)]
  0x00000192b57a3800 JavaThread "Stdin handler" [_thread_blocked, id=28328, stack(0x000000052e900000,0x000000052ea00000)]
  0x00000192b56e6000 JavaThread "Daemon client event forwarder" [_thread_blocked, id=19256, stack(0x000000052ea00000,0x000000052eb00000)]
  0x00000192b56e3000 JavaThread "Cache worker for journal cache (C:\Users\Endreo\.gradle\caches\journal-1)" [_thread_blocked, id=23796, stack(0x000000052eb00000,0x000000052ec00000)]
  0x00000192b56e7000 JavaThread "File lock request listener" [_thread_in_native, id=23328, stack(0x000000052ec00000,0x000000052ed00000)]
  0x00000192b56e2000 JavaThread "Cache worker for file hash cache (C:\Users\Endreo\.gradle\caches\7.4\fileHashes)" [_thread_blocked, id=19784, stack(0x000000052ed00000,0x000000052ee00000)]
  0x00000192b56e3800 JavaThread "File watcher server" daemon [_thread_in_native, id=16420, stack(0x000000052ef00000,0x000000052f000000)]
  0x00000192b56e8000 JavaThread "File watcher consumer" daemon [_thread_blocked, id=12200, stack(0x000000052f000000,0x000000052f100000)]
  0x00000192b56e5800 JavaThread "Cache worker for checksums cache (C:\Users\Endreo\alpha_conecta\android\.gradle\7.4\checksums)" [_thread_blocked, id=7496, stack(0x000000052ee00000,0x000000052ef00000)]
  0x00000192b56e8800 JavaThread "Cache worker for cache directory md-rule (C:\Users\Endreo\.gradle\caches\7.4\md-rule)" [_thread_blocked, id=18816, stack(0x000000052f100000,0x000000052f200000)]
  0x00000192b56e4800 JavaThread "Cache worker for file hash cache (C:\Users\Endreo\alpha_conecta\android\.gradle\7.4\fileHashes)" [_thread_blocked, id=18080, stack(0x000000052f300000,0x000000052f400000)]
  0x00000192b3eef000 JavaThread "Cache worker for cache directory md-supplier (C:\Users\Endreo\.gradle\caches\7.4\md-supplier)" [_thread_blocked, id=22088, stack(0x000000052f400000,0x000000052f500000)]
  0x00000192b3ef2800 JavaThread "Cache worker for execution history cache (C:\Users\Endreo\.gradle\caches\7.4\executionHistory)" [_thread_blocked, id=16344, stack(0x000000052f500000,0x000000052f600000)]
  0x00000192b3eee800 JavaThread "jar transforms" [_thread_blocked, id=2612, stack(0x000000052f600000,0x000000052f700000)]
  0x00000192b3ef4000 JavaThread "jar transforms Thread 2" [_thread_blocked, id=27456, stack(0x000000052f700000,0x000000052f800000)]
  0x00000192b3ef5000 JavaThread "Cache worker for file content cache (C:\Users\Endreo\.gradle\caches\7.4\fileContent)" [_thread_blocked, id=16200, stack(0x000000052f800000,0x000000052f900000)]
  0x00000192b3ef5800 JavaThread "jar transforms Thread 3" [_thread_blocked, id=20012, stack(0x000000052f900000,0x000000052fa00000)]
  0x00000192b3ef6800 JavaThread "jar transforms Thread 4" [_thread_blocked, id=25032, stack(0x000000052fa00000,0x000000052fb00000)]
  0x00000192b3ef1000 JavaThread "Cache worker for dependencies-accessors (C:\Users\Endreo\alpha_conecta\android\.gradle\7.4\dependencies-accessors)" [_thread_blocked, id=28424, stack(0x000000052fb00000,0x000000052fc00000)]
=>0x00000192b7028800 JavaThread "C2 CompilerThread1" daemon [_thread_in_native, id=11696, stack(0x000000052f200000,0x000000052f300000)]
  0x00000192b3ef7800 JavaThread "Cache worker for Build Output Cleanup Cache (C:\Users\Endreo\alpha_conecta\android\.gradle\buildOutputCleanup)" [_thread_blocked, id=20876, stack(0x000000052fc00000,0x000000052fd00000)]

Other Threads:
  0x00000192b2c59000 VMThread "VM Thread" [stack: 0x000000052d300000,0x000000052d400000] [id=26068]
  0x00000192b369b000 WatcherThread [stack: 0x000000052dd00000,0x000000052de00000] [id=14808]
  0x000001929a32e000 GCTaskThread "GC Thread#0" [stack: 0x000000052ce00000,0x000000052cf00000] [id=10944]
  0x00000192b403b000 GCTaskThread "GC Thread#1" [stack: 0x000000052df00000,0x000000052e000000] [id=10248]
  0x00000192b42a0800 GCTaskThread "GC Thread#2" [stack: 0x000000052e000000,0x000000052e100000] [id=12080]
  0x00000192b3dd2800 GCTaskThread "GC Thread#3" [stack: 0x000000052e100000,0x000000052e200000] [id=5720]
  0x000001929a354000 ConcurrentGCThread "G1 Main Marker" [stack: 0x000000052cf00000,0x000000052d000000] [id=20540]
  0x000001929a356000 ConcurrentGCThread "G1 Conc#0" [stack: 0x000000052d000000,0x000000052d100000] [id=6596]
  0x000001929a3ee000 ConcurrentGCThread "G1 Refine#0" [stack: 0x000000052d100000,0x000000052d200000] [id=19916]
  0x00000192b2ac4800 ConcurrentGCThread "G1 Young RemSet Sampling" [stack: 0x000000052d200000,0x000000052d300000] [id=19852]

Threads with active compile tasks:
C2 CompilerThread1  15932 3997       4       jdk.internal.org.objectweb.asm.Frame::execute (2264 bytes)

VM state:not at safepoint (normal execution)

VM Mutex/Monitor currently owned by a thread: None

Heap address: 0x00000000a0000000, size: 1536 MB, Compressed Oops mode: 32-bit
Narrow klass base: 0x0000000000000000, Narrow klass shift: 3
Compressed class space size: 1073741824 Address: 0x0000000100000000

Heap:
 garbage-first heap   total 260096K, used 160235K [0x00000000a0000000, 0x0000000100000000)
  region size 1024K, 139 young (142336K), 7 survivors (7168K)
 Metaspace       used 45693K, capacity 46802K, committed 46928K, reserved 1089536K
  class space    used 5842K, capacity 6223K, committed 6272K, reserved 1048576K
Heap Regions: E=young(eden), S=young(survivor), O=old, HS=humongous(starts), HC=humongous(continues), CS=collection set, F=free, A=archive, TAMS=top-at-mark-start (previous, next)
|   0|0x00000000a0000000, 0x00000000a0100000, 0x00000000a0100000|100%|HS|  |TAMS 0x00000000a0100000, 0x00000000a0000000| Complete 
|   1|0x00000000a0100000, 0x00000000a0200000, 0x00000000a0200000|100%|HC|  |TAMS 0x00000000a0200000, 0x00000000a0100000| Complete 
|   2|0x00000000a0200000, 0x00000000a0300000, 0x00000000a0300000|100%|HC|  |TAMS 0x00000000a0300000, 0x00000000a0200000| Complete 
|   3|0x00000000a0300000, 0x00000000a0400000, 0x00000000a0400000|100%| O|  |TAMS 0x00000000a0400000, 0x00000000a0300000| Untracked 
|   4|0x00000000a0400000, 0x00000000a0500000, 0x00000000a0500000|100%| O|  |TAMS 0x00000000a0500000, 0x00000000a0400000| Untracked 
|   5|0x00000000a0500000, 0x00000000a0600000, 0x00000000a0600000|100%| O|  |TAMS 0x00000000a0600000, 0x00000000a0500000| Untracked 
|   6|0x00000000a0600000, 0x00000000a0700000, 0x00000000a0700000|100%| O|  |TAMS 0x00000000a0700000, 0x00000000a0600000| Untracked 
|   7|0x00000000a0700000, 0x00000000a0800000, 0x00000000a0800000|100%| O|  |TAMS 0x00000000a0800000, 0x00000000a0700000| Untracked 
|   8|0x00000000a0800000, 0x00000000a0900000, 0x00000000a0900000|100%| O|  |TAMS 0x00000000a0900000, 0x00000000a0800000| Untracked 
|   9|0x00000000a0900000, 0x00000000a0a00000, 0x00000000a0a00000|100%| O|  |TAMS 0x00000000a0a00000, 0x00000000a0900000| Untracked 
|  10|0x00000000a0a00000, 0x00000000a0b00000, 0x00000000a0b00000|100%| O|  |TAMS 0x00000000a0b00000, 0x00000000a0a00000| Untracked 
|  11|0x00000000a0b00000, 0x00000000a0c00000, 0x00000000a0c00000|100%| O|  |TAMS 0x00000000a0c00000, 0x00000000a0b00000| Untracked 
|  12|0x00000000a0c00000, 0x00000000a0d00000, 0x00000000a0d00000|100%| O|  |TAMS 0x00000000a0d00000, 0x00000000a0c00000| Untracked 
|  13|0x00000000a0d00000, 0x00000000a0e00000, 0x00000000a0e00000|100%| O|  |TAMS 0x00000000a0e00000, 0x00000000a0d00000| Untracked 
|  14|0x00000000a0e00000, 0x00000000a0f00000, 0x00000000a0f00000|100%| O|  |TAMS 0x00000000a0f00000, 0x00000000a0e00000| Untracked 
|  15|0x00000000a0f00000, 0x00000000a0fd4600, 0x00000000a1000000| 82%| O|  |TAMS 0x00000000a0fd4600, 0x00000000a0f00000| Untracked 
|  16|0x00000000a1000000, 0x00000000a1100000, 0x00000000a1100000|100%|HS|  |TAMS 0x00000000a1000000, 0x00000000a1000000| Complete 
|  17|0x00000000a1100000, 0x00000000a1200000, 0x00000000a1200000|100%|HS|  |TAMS 0x00000000a1100000, 0x00000000a1100000| Complete 
|  18|0x00000000a1200000, 0x00000000a1300000, 0x00000000a1300000|100%|HC|  |TAMS 0x00000000a1200000, 0x00000000a1200000| Complete 
|  19|0x00000000a1300000, 0x00000000a1400000, 0x00000000a1400000|100%|HS|  |TAMS 0x00000000a1300000, 0x00000000a1300000| Complete 
|  20|0x00000000a1400000, 0x00000000a1400000, 0x00000000a1500000|  0%| F|  |TAMS 0x00000000a1400000, 0x00000000a1400000| Untracked 
|  21|0x00000000a1500000, 0x00000000a1500000, 0x00000000a1600000|  0%| F|  |TAMS 0x00000000a1500000, 0x00000000a1500000| Untracked 
|  22|0x00000000a1600000, 0x00000000a1600000, 0x00000000a1700000|  0%| F|  |TAMS 0x00000000a1600000, 0x00000000a1600000| Untracked 
|  23|0x00000000a1700000, 0x00000000a1700000, 0x00000000a1800000|  0%| F|  |TAMS 0x00000000a1700000, 0x00000000a1700000| Untracked 
|  24|0x00000000a1800000, 0x00000000a1800000, 0x00000000a1900000|  0%| F|  |TAMS 0x00000000a1800000, 0x00000000a1800000| Untracked 
|  25|0x00000000a1900000, 0x00000000a1900000, 0x00000000a1a00000|  0%| F|  |TAMS 0x00000000a1900000, 0x00000000a1900000| Untracked 
|  26|0x00000000a1a00000, 0x00000000a1a00000, 0x00000000a1b00000|  0%| F|  |TAMS 0x00000000a1a00000, 0x00000000a1a00000| Untracked 
|  27|0x00000000a1b00000, 0x00000000a1b00000, 0x00000000a1c00000|  0%| F|  |TAMS 0x00000000a1b00000, 0x00000000a1b00000| Untracked 
|  28|0x00000000a1c00000, 0x00000000a1c00000, 0x00000000a1d00000|  0%| F|  |TAMS 0x00000000a1c00000, 0x00000000a1c00000| Untracked 
|  29|0x00000000a1d00000, 0x00000000a1d00000, 0x00000000a1e00000|  0%| F|  |TAMS 0x00000000a1d00000, 0x00000000a1d00000| Untracked 
|  30|0x00000000a1e00000, 0x00000000a1e00000, 0x00000000a1f00000|  0%| F|  |TAMS 0x00000000a1e00000, 0x00000000a1e00000| Untracked 
|  31|0x00000000a1f00000, 0x00000000a1f00000, 0x00000000a2000000|  0%| F|  |TAMS 0x00000000a1f00000, 0x00000000a1f00000| Untracked 
|  32|0x00000000a2000000, 0x00000000a2000000, 0x00000000a2100000|  0%| F|  |TAMS 0x00000000a2000000, 0x00000000a2000000| Untracked 
|  33|0x00000000a2100000, 0x00000000a2100000, 0x00000000a2200000|  0%| F|  |TAMS 0x00000000a2100000, 0x00000000a2100000| Untracked 
|  34|0x00000000a2200000, 0x00000000a2200000, 0x00000000a2300000|  0%| F|  |TAMS 0x00000000a2200000, 0x00000000a2200000| Untracked 
|  35|0x00000000a2300000, 0x00000000a2300000, 0x00000000a2400000|  0%| F|  |TAMS 0x00000000a2300000, 0x00000000a2300000| Untracked 
|  36|0x00000000a2400000, 0x00000000a2400000, 0x00000000a2500000|  0%| F|  |TAMS 0x00000000a2400000, 0x00000000a2400000| Untracked 
|  37|0x00000000a2500000, 0x00000000a2500000, 0x00000000a2600000|  0%| F|  |TAMS 0x00000000a2500000, 0x00000000a2500000| Untracked 
|  38|0x00000000a2600000, 0x00000000a2600000, 0x00000000a2700000|  0%| F|  |TAMS 0x00000000a2600000, 0x00000000a2600000| Untracked 
|  39|0x00000000a2700000, 0x00000000a2700000, 0x00000000a2800000|  0%| F|  |TAMS 0x00000000a2700000, 0x00000000a2700000| Untracked 
|  40|0x00000000a2800000, 0x00000000a2800000, 0x00000000a2900000|  0%| F|  |TAMS 0x00000000a2800000, 0x00000000a2800000| Untracked 
|  41|0x00000000a2900000, 0x00000000a2900000, 0x00000000a2a00000|  0%| F|  |TAMS 0x00000000a2900000, 0x00000000a2900000| Untracked 
|  42|0x00000000a2a00000, 0x00000000a2a00000, 0x00000000a2b00000|  0%| F|  |TAMS 0x00000000a2a00000, 0x00000000a2a00000| Untracked 
|  43|0x00000000a2b00000, 0x00000000a2b00000, 0x00000000a2c00000|  0%| F|  |TAMS 0x00000000a2b00000, 0x00000000a2b00000| Untracked 
|  44|0x00000000a2c00000, 0x00000000a2c00000, 0x00000000a2d00000|  0%| F|  |TAMS 0x00000000a2c00000, 0x00000000a2c00000| Untracked 
|  45|0x00000000a2d00000, 0x00000000a2d00000, 0x00000000a2e00000|  0%| F|  |TAMS 0x00000000a2d00000, 0x00000000a2d00000| Untracked 
|  46|0x00000000a2e00000, 0x00000000a2e00000, 0x00000000a2f00000|  0%| F|  |TAMS 0x00000000a2e00000, 0x00000000a2e00000| Untracked 
|  47|0x00000000a2f00000, 0x00000000a2f00000, 0x00000000a3000000|  0%| F|  |TAMS 0x00000000a2f00000, 0x00000000a2f00000| Untracked 
|  48|0x00000000a3000000, 0x00000000a3000000, 0x00000000a3100000|  0%| F|  |TAMS 0x00000000a3000000, 0x00000000a3000000| Untracked 
|  49|0x00000000a3100000, 0x00000000a3100000, 0x00000000a3200000|  0%| F|  |TAMS 0x00000000a3100000, 0x00000000a3100000| Untracked 
|  50|0x00000000a3200000, 0x00000000a3200000, 0x00000000a3300000|  0%| F|  |TAMS 0x00000000a3200000, 0x00000000a3200000| Untracked 
|  51|0x00000000a3300000, 0x00000000a3300000, 0x00000000a3400000|  0%| F|  |TAMS 0x00000000a3300000, 0x00000000a3300000| Untracked 
|  52|0x00000000a3400000, 0x00000000a3400000, 0x00000000a3500000|  0%| F|  |TAMS 0x00000000a3400000, 0x00000000a3400000| Untracked 
|  53|0x00000000a3500000, 0x00000000a3500000, 0x00000000a3600000|  0%| F|  |TAMS 0x00000000a3500000, 0x00000000a3500000| Untracked 
|  54|0x00000000a3600000, 0x00000000a3600000, 0x00000000a3700000|  0%| F|  |TAMS 0x00000000a3600000, 0x00000000a3600000| Untracked 
|  55|0x00000000a3700000, 0x00000000a3700000, 0x00000000a3800000|  0%| F|  |TAMS 0x00000000a3700000, 0x00000000a3700000| Untracked 
|  56|0x00000000a3800000, 0x00000000a3800000, 0x00000000a3900000|  0%| F|  |TAMS 0x00000000a3800000, 0x00000000a3800000| Untracked 
|  57|0x00000000a3900000, 0x00000000a3900000, 0x00000000a3a00000|  0%| F|  |TAMS 0x00000000a3900000, 0x00000000a3900000| Untracked 
|  58|0x00000000a3a00000, 0x00000000a3a00000, 0x00000000a3b00000|  0%| F|  |TAMS 0x00000000a3a00000, 0x00000000a3a00000| Untracked 
|  59|0x00000000a3b00000, 0x00000000a3b00000, 0x00000000a3c00000|  0%| F|  |TAMS 0x00000000a3b00000, 0x00000000a3b00000| Untracked 
|  60|0x00000000a3c00000, 0x00000000a3c00000, 0x00000000a3d00000|  0%| F|  |TAMS 0x00000000a3c00000, 0x00000000a3c00000| Untracked 
|  61|0x00000000a3d00000, 0x00000000a3d00000, 0x00000000a3e00000|  0%| F|  |TAMS 0x00000000a3d00000, 0x00000000a3d00000| Untracked 
|  62|0x00000000a3e00000, 0x00000000a3e00000, 0x00000000a3f00000|  0%| F|  |TAMS 0x00000000a3e00000, 0x00000000a3e00000| Untracked 
|  63|0x00000000a3f00000, 0x00000000a3f00000, 0x00000000a4000000|  0%| F|  |TAMS 0x00000000a3f00000, 0x00000000a3f00000| Untracked 
|  64|0x00000000a4000000, 0x00000000a4000000, 0x00000000a4100000|  0%| F|  |TAMS 0x00000000a4000000, 0x00000000a4000000| Untracked 
|  65|0x00000000a4100000, 0x00000000a4100000, 0x00000000a4200000|  0%| F|  |TAMS 0x00000000a4100000, 0x00000000a4100000| Untracked 
|  66|0x00000000a4200000, 0x00000000a4200000, 0x00000000a4300000|  0%| F|  |TAMS 0x00000000a4200000, 0x00000000a4200000| Untracked 
|  67|0x00000000a4300000, 0x00000000a4300000, 0x00000000a4400000|  0%| F|  |TAMS 0x00000000a4300000, 0x00000000a4300000| Untracked 
|  68|0x00000000a4400000, 0x00000000a4400000, 0x00000000a4500000|  0%| F|  |TAMS 0x00000000a4400000, 0x00000000a4400000| Untracked 
|  69|0x00000000a4500000, 0x00000000a4500000, 0x00000000a4600000|  0%| F|  |TAMS 0x00000000a4500000, 0x00000000a4500000| Untracked 
|  70|0x00000000a4600000, 0x00000000a4600000, 0x00000000a4700000|  0%| F|  |TAMS 0x00000000a4600000, 0x00000000a4600000| Untracked 
|  71|0x00000000a4700000, 0x00000000a4700000, 0x00000000a4800000|  0%| F|  |TAMS 0x00000000a4700000, 0x00000000a4700000| Untracked 
|  72|0x00000000a4800000, 0x00000000a4800000, 0x00000000a4900000|  0%| F|  |TAMS 0x00000000a4800000, 0x00000000a4800000| Untracked 
|  73|0x00000000a4900000, 0x00000000a4900000, 0x00000000a4a00000|  0%| F|  |TAMS 0x00000000a4900000, 0x00000000a4900000| Untracked 
|  74|0x00000000a4a00000, 0x00000000a4a00000, 0x00000000a4b00000|  0%| F|  |TAMS 0x00000000a4a00000, 0x00000000a4a00000| Untracked 
|  75|0x00000000a4b00000, 0x00000000a4b00000, 0x00000000a4c00000|  0%| F|  |TAMS 0x00000000a4b00000, 0x00000000a4b00000| Untracked 
|  76|0x00000000a4c00000, 0x00000000a4c00000, 0x00000000a4d00000|  0%| F|  |TAMS 0x00000000a4c00000, 0x00000000a4c00000| Untracked 
|  77|0x00000000a4d00000, 0x00000000a4d00000, 0x00000000a4e00000|  0%| F|  |TAMS 0x00000000a4d00000, 0x00000000a4d00000| Untracked 
|  78|0x00000000a4e00000, 0x00000000a4e00000, 0x00000000a4f00000|  0%| F|  |TAMS 0x00000000a4e00000, 0x00000000a4e00000| Untracked 
|  79|0x00000000a4f00000, 0x00000000a4f00000, 0x00000000a5000000|  0%| F|  |TAMS 0x00000000a4f00000, 0x00000000a4f00000| Untracked 
|  80|0x00000000a5000000, 0x00000000a5000000, 0x00000000a5100000|  0%| F|  |TAMS 0x00000000a5000000, 0x00000000a5000000| Untracked 
|  81|0x00000000a5100000, 0x00000000a5100000, 0x00000000a5200000|  0%| F|  |TAMS 0x00000000a5100000, 0x00000000a5100000| Untracked 
|  82|0x00000000a5200000, 0x00000000a5200000, 0x00000000a5300000|  0%| F|  |TAMS 0x00000000a5200000, 0x00000000a5200000| Untracked 
|  83|0x00000000a5300000, 0x00000000a5300000, 0x00000000a5400000|  0%| F|  |TAMS 0x00000000a5300000, 0x00000000a5300000| Untracked 
|  84|0x00000000a5400000, 0x00000000a5400000, 0x00000000a5500000|  0%| F|  |TAMS 0x00000000a5400000, 0x00000000a5400000| Untracked 
|  85|0x00000000a5500000, 0x00000000a5500000, 0x00000000a5600000|  0%| F|  |TAMS 0x00000000a5500000, 0x00000000a5500000| Untracked 
|  86|0x00000000a5600000, 0x00000000a5600000, 0x00000000a5700000|  0%| F|  |TAMS 0x00000000a5600000, 0x00000000a5600000| Untracked 
|  87|0x00000000a5700000, 0x00000000a5700000, 0x00000000a5800000|  0%| F|  |TAMS 0x00000000a5700000, 0x00000000a5700000| Untracked 
|  88|0x00000000a5800000, 0x00000000a5800000, 0x00000000a5900000|  0%| F|  |TAMS 0x00000000a5800000, 0x00000000a5800000| Untracked 
|  89|0x00000000a5900000, 0x00000000a5900000, 0x00000000a5a00000|  0%| F|  |TAMS 0x00000000a5900000, 0x00000000a5900000| Untracked 
|  90|0x00000000a5a00000, 0x00000000a5a00000, 0x00000000a5b00000|  0%| F|  |TAMS 0x00000000a5a00000, 0x00000000a5a00000| Untracked 
|  91|0x00000000a5b00000, 0x00000000a5b00000, 0x00000000a5c00000|  0%| F|  |TAMS 0x00000000a5b00000, 0x00000000a5b00000| Untracked 
|  92|0x00000000a5c00000, 0x00000000a5c00000, 0x00000000a5d00000|  0%| F|  |TAMS 0x00000000a5c00000, 0x00000000a5c00000| Untracked 
|  93|0x00000000a5d00000, 0x00000000a5d00000, 0x00000000a5e00000|  0%| F|  |TAMS 0x00000000a5d00000, 0x00000000a5d00000| Untracked 
|  94|0x00000000a5e00000, 0x00000000a5e00000, 0x00000000a5f00000|  0%| F|  |TAMS 0x00000000a5e00000, 0x00000000a5e00000| Untracked 
|  95|0x00000000a5f00000, 0x00000000a5f00000, 0x00000000a6000000|  0%| F|  |TAMS 0x00000000a5f00000, 0x00000000a5f00000| Untracked 
|  96|0x00000000a6000000, 0x00000000a6000000, 0x00000000a6100000|  0%| F|  |TAMS 0x00000000a6000000, 0x00000000a6000000| Untracked 
|  97|0x00000000a6100000, 0x00000000a6100000, 0x00000000a6200000|  0%| F|  |TAMS 0x00000000a6100000, 0x00000000a6100000| Untracked 
|  98|0x00000000a6200000, 0x00000000a6200000, 0x00000000a6300000|  0%| F|  |TAMS 0x00000000a6200000, 0x00000000a6200000| Untracked 
|  99|0x00000000a6300000, 0x00000000a6300000, 0x00000000a6400000|  0%| F|  |TAMS 0x00000000a6300000, 0x00000000a6300000| Untracked 
| 100|0x00000000a6400000, 0x00000000a6400000, 0x00000000a6500000|  0%| F|  |TAMS 0x00000000a6400000, 0x00000000a6400000| Untracked 
| 101|0x00000000a6500000, 0x00000000a6500000, 0x00000000a6600000|  0%| F|  |TAMS 0x00000000a6500000, 0x00000000a6500000| Untracked 
| 102|0x00000000a6600000, 0x00000000a6600000, 0x00000000a6700000|  0%| F|  |TAMS 0x00000000a6600000, 0x00000000a6600000| Untracked 
| 103|0x00000000a6700000, 0x00000000a6700000, 0x00000000a6800000|  0%| F|  |TAMS 0x00000000a6700000, 0x00000000a6700000| Untracked 
| 104|0x00000000a6800000, 0x00000000a6800000, 0x00000000a6900000|  0%| F|  |TAMS 0x00000000a6800000, 0x00000000a6800000| Untracked 
| 105|0x00000000a6900000, 0x00000000a6900000, 0x00000000a6a00000|  0%| F|  |TAMS 0x00000000a6900000, 0x00000000a6900000| Untracked 
| 106|0x00000000a6a00000, 0x00000000a6a00000, 0x00000000a6b00000|  0%| F|  |TAMS 0x00000000a6a00000, 0x00000000a6a00000| Untracked 
| 107|0x00000000a6b00000, 0x00000000a6b00000, 0x00000000a6c00000|  0%| F|  |TAMS 0x00000000a6b00000, 0x00000000a6b00000| Untracked 
| 108|0x00000000a6c00000, 0x00000000a6c00000, 0x00000000a6d00000|  0%| F|  |TAMS 0x00000000a6c00000, 0x00000000a6c00000| Untracked 
| 109|0x00000000a6d00000, 0x00000000a6d00000, 0x00000000a6e00000|  0%| F|  |TAMS 0x00000000a6d00000, 0x00000000a6d00000| Untracked 
| 110|0x00000000a6e00000, 0x00000000a6e00000, 0x00000000a6f00000|  0%| F|  |TAMS 0x00000000a6e00000, 0x00000000a6e00000| Untracked 
| 111|0x00000000a6f00000, 0x00000000a6f00000, 0x00000000a7000000|  0%| F|  |TAMS 0x00000000a6f00000, 0x00000000a6f00000| Untracked 
| 112|0x00000000a7000000, 0x00000000a7000000, 0x00000000a7100000|  0%| F|  |TAMS 0x00000000a7000000, 0x00000000a7000000| Untracked 
| 113|0x00000000a7100000, 0x00000000a7100000, 0x00000000a7200000|  0%| F|  |TAMS 0x00000000a7100000, 0x00000000a7100000| Untracked 
| 114|0x00000000a7200000, 0x00000000a7200000, 0x00000000a7300000|  0%| F|  |TAMS 0x00000000a7200000, 0x00000000a7200000| Untracked 
| 115|0x00000000a7300000, 0x00000000a7300800, 0x00000000a7400000|  0%| E|  |TAMS 0x00000000a7300000, 0x00000000a7300000| Complete 
| 116|0x00000000a7400000, 0x00000000a7500000, 0x00000000a7500000|100%| E|CS|TAMS 0x00000000a7400000, 0x00000000a7400000| Complete 
| 117|0x00000000a7500000, 0x00000000a7600000, 0x00000000a7600000|100%| E|CS|TAMS 0x00000000a7500000, 0x00000000a7500000| Complete 
| 118|0x00000000a7600000, 0x00000000a7700000, 0x00000000a7700000|100%| E|CS|TAMS 0x00000000a7600000, 0x00000000a7600000| Complete 
| 119|0x00000000a7700000, 0x00000000a7800000, 0x00000000a7800000|100%| E|CS|TAMS 0x00000000a7700000, 0x00000000a7700000| Complete 
| 120|0x00000000a7800000, 0x00000000a7900000, 0x00000000a7900000|100%| E|CS|TAMS 0x00000000a7800000, 0x00000000a7800000| Complete 
| 121|0x00000000a7900000, 0x00000000a7a00000, 0x00000000a7a00000|100%| E|CS|TAMS 0x00000000a7900000, 0x00000000a7900000| Complete 
| 122|0x00000000a7a00000, 0x00000000a7b00000, 0x00000000a7b00000|100%| E|CS|TAMS 0x00000000a7a00000, 0x00000000a7a00000| Complete 
| 123|0x00000000a7b00000, 0x00000000a7c00000, 0x00000000a7c00000|100%| E|CS|TAMS 0x00000000a7b00000, 0x00000000a7b00000| Complete 
| 124|0x00000000a7c00000, 0x00000000a7d00000, 0x00000000a7d00000|100%| E|CS|TAMS 0x00000000a7c00000, 0x00000000a7c00000| Complete 
| 125|0x00000000a7d00000, 0x00000000a7e00000, 0x00000000a7e00000|100%| E|CS|TAMS 0x00000000a7d00000, 0x00000000a7d00000| Complete 
| 126|0x00000000a7e00000, 0x00000000a7f00000, 0x00000000a7f00000|100%| E|CS|TAMS 0x00000000a7e00000, 0x00000000a7e00000| Complete 
| 127|0x00000000a7f00000, 0x00000000a8000000, 0x00000000a8000000|100%| E|CS|TAMS 0x00000000a7f00000, 0x00000000a7f00000| Complete 
| 128|0x00000000a8000000, 0x00000000a8100000, 0x00000000a8100000|100%| E|CS|TAMS 0x00000000a8000000, 0x00000000a8000000| Complete 
| 129|0x00000000a8100000, 0x00000000a8200000, 0x00000000a8200000|100%| E|CS|TAMS 0x00000000a8100000, 0x00000000a8100000| Complete 
| 130|0x00000000a8200000, 0x00000000a8300000, 0x00000000a8300000|100%| E|CS|TAMS 0x00000000a8200000, 0x00000000a8200000| Complete 
| 131|0x00000000a8300000, 0x00000000a8400000, 0x00000000a8400000|100%| E|CS|TAMS 0x00000000a8300000, 0x00000000a8300000| Complete 
| 132|0x00000000a8400000, 0x00000000a8500000, 0x00000000a8500000|100%| E|CS|TAMS 0x00000000a8400000, 0x00000000a8400000| Complete 
| 133|0x00000000a8500000, 0x00000000a8600000, 0x00000000a8600000|100%| E|CS|TAMS 0x00000000a8500000, 0x00000000a8500000| Complete 
| 134|0x00000000a8600000, 0x00000000a8700000, 0x00000000a8700000|100%| E|CS|TAMS 0x00000000a8600000, 0x00000000a8600000| Complete 
| 135|0x00000000a8700000, 0x00000000a8800000, 0x00000000a8800000|100%| E|CS|TAMS 0x00000000a8700000, 0x00000000a8700000| Complete 
| 136|0x00000000a8800000, 0x00000000a8900000, 0x00000000a8900000|100%| E|CS|TAMS 0x00000000a8800000, 0x00000000a8800000| Complete 
| 137|0x00000000a8900000, 0x00000000a8a00000, 0x00000000a8a00000|100%| E|CS|TAMS 0x00000000a8900000, 0x00000000a8900000| Complete 
| 138|0x00000000a8a00000, 0x00000000a8b00000, 0x00000000a8b00000|100%| E|CS|TAMS 0x00000000a8a00000, 0x00000000a8a00000| Complete 
| 139|0x00000000a8b00000, 0x00000000a8c00000, 0x00000000a8c00000|100%| E|CS|TAMS 0x00000000a8b00000, 0x00000000a8b00000| Complete 
| 140|0x00000000a8c00000, 0x00000000a8d00000, 0x00000000a8d00000|100%| E|CS|TAMS 0x00000000a8c00000, 0x00000000a8c00000| Complete 
| 141|0x00000000a8d00000, 0x00000000a8e00000, 0x00000000a8e00000|100%| E|CS|TAMS 0x00000000a8d00000, 0x00000000a8d00000| Complete 
| 142|0x00000000a8e00000, 0x00000000a8f00000, 0x00000000a8f00000|100%| E|CS|TAMS 0x00000000a8e00000, 0x00000000a8e00000| Complete 
| 143|0x00000000a8f00000, 0x00000000a9000000, 0x00000000a9000000|100%| E|CS|TAMS 0x00000000a8f00000, 0x00000000a8f00000| Complete 
| 144|0x00000000a9000000, 0x00000000a9100000, 0x00000000a9100000|100%| E|CS|TAMS 0x00000000a9000000, 0x00000000a9000000| Complete 
| 145|0x00000000a9100000, 0x00000000a9200000, 0x00000000a9200000|100%| E|CS|TAMS 0x00000000a9100000, 0x00000000a9100000| Complete 
| 146|0x00000000a9200000, 0x00000000a9300000, 0x00000000a9300000|100%| E|CS|TAMS 0x00000000a9200000, 0x00000000a9200000| Complete 
| 147|0x00000000a9300000, 0x00000000a9400000, 0x00000000a9400000|100%| E|CS|TAMS 0x00000000a9300000, 0x00000000a9300000| Complete 
| 148|0x00000000a9400000, 0x00000000a9500000, 0x00000000a9500000|100%| E|CS|TAMS 0x00000000a9400000, 0x00000000a9400000| Complete 
| 149|0x00000000a9500000, 0x00000000a9600000, 0x00000000a9600000|100%| E|CS|TAMS 0x00000000a9500000, 0x00000000a9500000| Complete 
| 150|0x00000000a9600000, 0x00000000a9700000, 0x00000000a9700000|100%| E|CS|TAMS 0x00000000a9600000, 0x00000000a9600000| Complete 
| 151|0x00000000a9700000, 0x00000000a9800000, 0x00000000a9800000|100%| E|CS|TAMS 0x00000000a9700000, 0x00000000a9700000| Complete 
| 152|0x00000000a9800000, 0x00000000a9900000, 0x00000000a9900000|100%| E|CS|TAMS 0x00000000a9800000, 0x00000000a9800000| Complete 
| 153|0x00000000a9900000, 0x00000000a9a00000, 0x00000000a9a00000|100%| E|CS|TAMS 0x00000000a9900000, 0x00000000a9900000| Complete 
| 154|0x00000000a9a00000, 0x00000000a9b00000, 0x00000000a9b00000|100%| E|CS|TAMS 0x00000000a9a00000, 0x00000000a9a00000| Complete 
| 155|0x00000000a9b00000, 0x00000000a9c00000, 0x00000000a9c00000|100%| E|CS|TAMS 0x00000000a9b00000, 0x00000000a9b00000| Complete 
| 156|0x00000000a9c00000, 0x00000000a9d00000, 0x00000000a9d00000|100%| E|CS|TAMS 0x00000000a9c00000, 0x00000000a9c00000| Complete 
| 157|0x00000000a9d00000, 0x00000000a9e00000, 0x00000000a9e00000|100%| E|CS|TAMS 0x00000000a9d00000, 0x00000000a9d00000| Complete 
| 158|0x00000000a9e00000, 0x00000000a9f00000, 0x00000000a9f00000|100%| E|CS|TAMS 0x00000000a9e00000, 0x00000000a9e00000| Complete 
| 159|0x00000000a9f00000, 0x00000000aa000000, 0x00000000aa000000|100%| E|CS|TAMS 0x00000000a9f00000, 0x00000000a9f00000| Complete 
| 160|0x00000000aa000000, 0x00000000aa100000, 0x00000000aa100000|100%| E|CS|TAMS 0x00000000aa000000, 0x00000000aa000000| Complete 
| 161|0x00000000aa100000, 0x00000000aa200000, 0x00000000aa200000|100%| E|CS|TAMS 0x00000000aa100000, 0x00000000aa100000| Complete 
| 162|0x00000000aa200000, 0x00000000aa300000, 0x00000000aa300000|100%| E|CS|TAMS 0x00000000aa200000, 0x00000000aa200000| Complete 
| 163|0x00000000aa300000, 0x00000000aa400000, 0x00000000aa400000|100%| E|CS|TAMS 0x00000000aa300000, 0x00000000aa300000| Complete 
| 164|0x00000000aa400000, 0x00000000aa500000, 0x00000000aa500000|100%| E|CS|TAMS 0x00000000aa400000, 0x00000000aa400000| Complete 
| 165|0x00000000aa500000, 0x00000000aa600000, 0x00000000aa600000|100%| E|CS|TAMS 0x00000000aa500000, 0x00000000aa500000| Complete 
| 166|0x00000000aa600000, 0x00000000aa700000, 0x00000000aa700000|100%| E|CS|TAMS 0x00000000aa600000, 0x00000000aa600000| Complete 
| 167|0x00000000aa700000, 0x00000000aa800000, 0x00000000aa800000|100%| E|CS|TAMS 0x00000000aa700000, 0x00000000aa700000| Complete 
| 168|0x00000000aa800000, 0x00000000aa900000, 0x00000000aa900000|100%| E|CS|TAMS 0x00000000aa800000, 0x00000000aa800000| Complete 
| 169|0x00000000aa900000, 0x00000000aaa00000, 0x00000000aaa00000|100%| E|CS|TAMS 0x00000000aa900000, 0x00000000aa900000| Complete 
| 170|0x00000000aaa00000, 0x00000000aab00000, 0x00000000aab00000|100%| E|CS|TAMS 0x00000000aaa00000, 0x00000000aaa00000| Complete 
| 171|0x00000000aab00000, 0x00000000aac00000, 0x00000000aac00000|100%| E|CS|TAMS 0x00000000aab00000, 0x00000000aab00000| Complete 
| 172|0x00000000aac00000, 0x00000000aad00000, 0x00000000aad00000|100%| E|CS|TAMS 0x00000000aac00000, 0x00000000aac00000| Complete 
| 173|0x00000000aad00000, 0x00000000aae00000, 0x00000000aae00000|100%| E|CS|TAMS 0x00000000aad00000, 0x00000000aad00000| Complete 
| 174|0x00000000aae00000, 0x00000000aaf00000, 0x00000000aaf00000|100%| E|CS|TAMS 0x00000000aae00000, 0x00000000aae00000| Complete 
| 175|0x00000000aaf00000, 0x00000000ab000000, 0x00000000ab000000|100%| E|CS|TAMS 0x00000000aaf00000, 0x00000000aaf00000| Complete 
| 176|0x00000000ab000000, 0x00000000ab100000, 0x00000000ab100000|100%| E|CS|TAMS 0x00000000ab000000, 0x00000000ab000000| Complete 
| 177|0x00000000ab100000, 0x00000000ab200000, 0x00000000ab200000|100%| E|CS|TAMS 0x00000000ab100000, 0x00000000ab100000| Complete 
| 178|0x00000000ab200000, 0x00000000ab300000, 0x00000000ab300000|100%| E|CS|TAMS 0x00000000ab200000, 0x00000000ab200000| Complete 
| 179|0x00000000ab300000, 0x00000000ab400000, 0x00000000ab400000|100%| E|CS|TAMS 0x00000000ab300000, 0x00000000ab300000| Complete 
| 180|0x00000000ab400000, 0x00000000ab500000, 0x00000000ab500000|100%| E|CS|TAMS 0x00000000ab400000, 0x00000000ab400000| Complete 
| 181|0x00000000ab500000, 0x00000000ab5a67f0, 0x00000000ab600000| 65%| S|CS|TAMS 0x00000000ab500000, 0x00000000ab500000| Complete 
| 182|0x00000000ab600000, 0x00000000ab700000, 0x00000000ab700000|100%| S|CS|TAMS 0x00000000ab600000, 0x00000000ab600000| Complete 
| 183|0x00000000ab700000, 0x00000000ab800000, 0x00000000ab800000|100%| S|CS|TAMS 0x00000000ab700000, 0x00000000ab700000| Complete 
| 184|0x00000000ab800000, 0x00000000ab900000, 0x00000000ab900000|100%| S|CS|TAMS 0x00000000ab800000, 0x00000000ab800000| Complete 
| 185|0x00000000ab900000, 0x00000000aba00000, 0x00000000aba00000|100%| S|CS|TAMS 0x00000000ab900000, 0x00000000ab900000| Complete 
| 186|0x00000000aba00000, 0x00000000abb00000, 0x00000000abb00000|100%| S|CS|TAMS 0x00000000aba00000, 0x00000000aba00000| Complete 
| 187|0x00000000abb00000, 0x00000000abc00000, 0x00000000abc00000|100%| S|CS|TAMS 0x00000000abb00000, 0x00000000abb00000| Complete 
| 188|0x00000000abc00000, 0x00000000abd00000, 0x00000000abd00000|100%| E|CS|TAMS 0x00000000abc00000, 0x00000000abc00000| Complete 
| 189|0x00000000abd00000, 0x00000000abe00000, 0x00000000abe00000|100%| E|CS|TAMS 0x00000000abd00000, 0x00000000abd00000| Complete 
| 190|0x00000000abe00000, 0x00000000abf00000, 0x00000000abf00000|100%| E|CS|TAMS 0x00000000abe00000, 0x00000000abe00000| Complete 
| 191|0x00000000abf00000, 0x00000000ac000000, 0x00000000ac000000|100%| E|CS|TAMS 0x00000000abf00000, 0x00000000abf00000| Complete 
| 192|0x00000000ac000000, 0x00000000ac100000, 0x00000000ac100000|100%| E|CS|TAMS 0x00000000ac000000, 0x00000000ac000000| Complete 
| 193|0x00000000ac100000, 0x00000000ac200000, 0x00000000ac200000|100%| E|CS|TAMS 0x00000000ac100000, 0x00000000ac100000| Complete 
| 194|0x00000000ac200000, 0x00000000ac300000, 0x00000000ac300000|100%| E|CS|TAMS 0x00000000ac200000, 0x00000000ac200000| Complete 
| 195|0x00000000ac300000, 0x00000000ac400000, 0x00000000ac400000|100%| E|CS|TAMS 0x00000000ac300000, 0x00000000ac300000| Complete 
| 196|0x00000000ac400000, 0x00000000ac500000, 0x00000000ac500000|100%| E|CS|TAMS 0x00000000ac400000, 0x00000000ac400000| Complete 
| 197|0x00000000ac500000, 0x00000000ac600000, 0x00000000ac600000|100%| E|CS|TAMS 0x00000000ac500000, 0x00000000ac500000| Complete 
| 198|0x00000000ac600000, 0x00000000ac700000, 0x00000000ac700000|100%| E|CS|TAMS 0x00000000ac600000, 0x00000000ac600000| Complete 
| 199|0x00000000ac700000, 0x00000000ac800000, 0x00000000ac800000|100%| E|CS|TAMS 0x00000000ac700000, 0x00000000ac700000| Complete 
| 200|0x00000000ac800000, 0x00000000ac900000, 0x00000000ac900000|100%| E|CS|TAMS 0x00000000ac800000, 0x00000000ac800000| Complete 
| 201|0x00000000ac900000, 0x00000000aca00000, 0x00000000aca00000|100%| E|CS|TAMS 0x00000000ac900000, 0x00000000ac900000| Complete 
| 202|0x00000000aca00000, 0x00000000acb00000, 0x00000000acb00000|100%| E|CS|TAMS 0x00000000aca00000, 0x00000000aca00000| Complete 
| 203|0x00000000acb00000, 0x00000000acc00000, 0x00000000acc00000|100%| E|CS|TAMS 0x00000000acb00000, 0x00000000acb00000| Complete 
| 204|0x00000000acc00000, 0x00000000acd00000, 0x00000000acd00000|100%| E|CS|TAMS 0x00000000acc00000, 0x00000000acc00000| Complete 
| 205|0x00000000acd00000, 0x00000000ace00000, 0x00000000ace00000|100%| E|CS|TAMS 0x00000000acd00000, 0x00000000acd00000| Complete 
| 206|0x00000000ace00000, 0x00000000acf00000, 0x00000000acf00000|100%| E|CS|TAMS 0x00000000ace00000, 0x00000000ace00000| Complete 
| 207|0x00000000acf00000, 0x00000000ad000000, 0x00000000ad000000|100%| E|CS|TAMS 0x00000000acf00000, 0x00000000acf00000| Complete 
| 208|0x00000000ad000000, 0x00000000ad100000, 0x00000000ad100000|100%| E|CS|TAMS 0x00000000ad000000, 0x00000000ad000000| Complete 
| 209|0x00000000ad100000, 0x00000000ad200000, 0x00000000ad200000|100%| E|CS|TAMS 0x00000000ad100000, 0x00000000ad100000| Complete 
| 210|0x00000000ad200000, 0x00000000ad300000, 0x00000000ad300000|100%| E|CS|TAMS 0x00000000ad200000, 0x00000000ad200000| Complete 
| 211|0x00000000ad300000, 0x00000000ad400000, 0x00000000ad400000|100%| E|CS|TAMS 0x00000000ad300000, 0x00000000ad300000| Complete 
| 212|0x00000000ad400000, 0x00000000ad500000, 0x00000000ad500000|100%| E|CS|TAMS 0x00000000ad400000, 0x00000000ad400000| Complete 
| 213|0x00000000ad500000, 0x00000000ad600000, 0x00000000ad600000|100%| E|CS|TAMS 0x00000000ad500000, 0x00000000ad500000| Complete 
| 214|0x00000000ad600000, 0x00000000ad700000, 0x00000000ad700000|100%| E|CS|TAMS 0x00000000ad600000, 0x00000000ad600000| Complete 
| 215|0x00000000ad700000, 0x00000000ad800000, 0x00000000ad800000|100%| E|CS|TAMS 0x00000000ad700000, 0x00000000ad700000| Complete 
| 216|0x00000000ad800000, 0x00000000ad900000, 0x00000000ad900000|100%| E|CS|TAMS 0x00000000ad800000, 0x00000000ad800000| Complete 
| 217|0x00000000ad900000, 0x00000000ada00000, 0x00000000ada00000|100%| E|CS|TAMS 0x00000000ad900000, 0x00000000ad900000| Complete 
| 218|0x00000000ada00000, 0x00000000adb00000, 0x00000000adb00000|100%| E|CS|TAMS 0x00000000ada00000, 0x00000000ada00000| Complete 
| 219|0x00000000adb00000, 0x00000000adc00000, 0x00000000adc00000|100%| E|CS|TAMS 0x00000000adb00000, 0x00000000adb00000| Complete 
| 220|0x00000000adc00000, 0x00000000add00000, 0x00000000add00000|100%| E|CS|TAMS 0x00000000adc00000, 0x00000000adc00000| Complete 
| 221|0x00000000add00000, 0x00000000ade00000, 0x00000000ade00000|100%| E|CS|TAMS 0x00000000add00000, 0x00000000add00000| Complete 
| 222|0x00000000ade00000, 0x00000000adf00000, 0x00000000adf00000|100%| E|CS|TAMS 0x00000000ade00000, 0x00000000ade00000| Complete 
| 223|0x00000000adf00000, 0x00000000ae000000, 0x00000000ae000000|100%| E|CS|TAMS 0x00000000adf00000, 0x00000000adf00000| Complete 
| 224|0x00000000ae000000, 0x00000000ae100000, 0x00000000ae100000|100%| E|CS|TAMS 0x00000000ae000000, 0x00000000ae000000| Complete 
| 225|0x00000000ae100000, 0x00000000ae200000, 0x00000000ae200000|100%| E|CS|TAMS 0x00000000ae100000, 0x00000000ae100000| Complete 
| 226|0x00000000ae200000, 0x00000000ae300000, 0x00000000ae300000|100%| E|CS|TAMS 0x00000000ae200000, 0x00000000ae200000| Complete 
| 227|0x00000000ae300000, 0x00000000ae400000, 0x00000000ae400000|100%| E|CS|TAMS 0x00000000ae300000, 0x00000000ae300000| Complete 
| 228|0x00000000ae400000, 0x00000000ae500000, 0x00000000ae500000|100%| E|CS|TAMS 0x00000000ae400000, 0x00000000ae400000| Complete 
| 229|0x00000000ae500000, 0x00000000ae600000, 0x00000000ae600000|100%| E|CS|TAMS 0x00000000ae500000, 0x00000000ae500000| Complete 
| 230|0x00000000ae600000, 0x00000000ae700000, 0x00000000ae700000|100%| E|CS|TAMS 0x00000000ae600000, 0x00000000ae600000| Complete 
| 231|0x00000000ae700000, 0x00000000ae800000, 0x00000000ae800000|100%| E|CS|TAMS 0x00000000ae700000, 0x00000000ae700000| Complete 
| 232|0x00000000ae800000, 0x00000000ae900000, 0x00000000ae900000|100%| E|CS|TAMS 0x00000000ae800000, 0x00000000ae800000| Complete 
| 233|0x00000000ae900000, 0x00000000aea00000, 0x00000000aea00000|100%| E|CS|TAMS 0x00000000ae900000, 0x00000000ae900000| Complete 
| 234|0x00000000aea00000, 0x00000000aeb00000, 0x00000000aeb00000|100%| E|CS|TAMS 0x00000000aea00000, 0x00000000aea00000| Complete 
| 235|0x00000000aeb00000, 0x00000000aec00000, 0x00000000aec00000|100%| E|CS|TAMS 0x00000000aeb00000, 0x00000000aeb00000| Complete 
| 236|0x00000000aec00000, 0x00000000aed00000, 0x00000000aed00000|100%| E|CS|TAMS 0x00000000aec00000, 0x00000000aec00000| Complete 
| 237|0x00000000aed00000, 0x00000000aee00000, 0x00000000aee00000|100%| E|CS|TAMS 0x00000000aed00000, 0x00000000aed00000| Complete 
| 238|0x00000000aee00000, 0x00000000aef00000, 0x00000000aef00000|100%| E|CS|TAMS 0x00000000aee00000, 0x00000000aee00000| Complete 
| 239|0x00000000aef00000, 0x00000000af000000, 0x00000000af000000|100%| E|CS|TAMS 0x00000000aef00000, 0x00000000aef00000| Complete 
| 240|0x00000000af000000, 0x00000000af100000, 0x00000000af100000|100%| E|CS|TAMS 0x00000000af000000, 0x00000000af000000| Complete 
| 241|0x00000000af100000, 0x00000000af200000, 0x00000000af200000|100%| E|CS|TAMS 0x00000000af100000, 0x00000000af100000| Complete 
| 242|0x00000000af200000, 0x00000000af300000, 0x00000000af300000|100%| E|CS|TAMS 0x00000000af200000, 0x00000000af200000| Complete 
| 243|0x00000000af300000, 0x00000000af400000, 0x00000000af400000|100%| E|CS|TAMS 0x00000000af300000, 0x00000000af300000| Complete 
| 244|0x00000000af400000, 0x00000000af500000, 0x00000000af500000|100%| E|CS|TAMS 0x00000000af400000, 0x00000000af400000| Complete 
| 245|0x00000000af500000, 0x00000000af600000, 0x00000000af600000|100%| E|CS|TAMS 0x00000000af500000, 0x00000000af500000| Complete 
| 246|0x00000000af600000, 0x00000000af700000, 0x00000000af700000|100%| E|CS|TAMS 0x00000000af600000, 0x00000000af600000| Complete 
| 247|0x00000000af700000, 0x00000000af800000, 0x00000000af800000|100%| E|CS|TAMS 0x00000000af700000, 0x00000000af700000| Complete 
| 248|0x00000000af800000, 0x00000000af900000, 0x00000000af900000|100%| E|CS|TAMS 0x00000000af800000, 0x00000000af800000| Complete 
| 249|0x00000000af900000, 0x00000000afa00000, 0x00000000afa00000|100%| E|  |TAMS 0x00000000af900000, 0x00000000af900000| Complete 
| 250|0x00000000afa00000, 0x00000000afb00000, 0x00000000afb00000|100%| E|CS|TAMS 0x00000000afa00000, 0x00000000afa00000| Complete 
| 251|0x00000000afb00000, 0x00000000afc00000, 0x00000000afc00000|100%| E|CS|TAMS 0x00000000afb00000, 0x00000000afb00000| Complete 
| 252|0x00000000afc00000, 0x00000000afd00000, 0x00000000afd00000|100%| E|CS|TAMS 0x00000000afc00000, 0x00000000afc00000| Complete 
| 253|0x00000000afd00000, 0x00000000afe00000, 0x00000000afe00000|100%| E|CS|TAMS 0x00000000afd00000, 0x00000000afd00000| Complete 

Card table byte_map: [0x00000192ad120000,0x00000192ad420000] _byte_map_base: 0x00000192acc20000

Marking Bits (Prev, Next): (CMBitMap*) 0x000001929a34d2e8, (CMBitMap*) 0x000001929a34d320
 Prev Bits: [0x00000192ad720000, 0x00000192aef20000)
 Next Bits: [0x00000192aef20000, 0x00000192b0720000)

Polling page: 0x0000019299af0000

Metaspace:

Usage:
  Non-class:     39.63 MB capacity,    38.92 MB ( 98%) used,   618.92 KB (  2%) free+waste,   109.56 KB ( <1%) overhead. 
      Class:      6.08 MB capacity,     5.71 MB ( 94%) used,   327.63 KB (  5%) free+waste,    52.56 KB ( <1%) overhead. 
       Both:     45.71 MB capacity,    44.62 MB ( 98%) used,   946.55 KB (  2%) free+waste,   162.13 KB ( <1%) overhead. 

Virtual space:
  Non-class space:       40.00 MB reserved,      39.70 MB (>99%) committed 
      Class space:        1.00 GB reserved,       6.13 MB ( <1%) committed 
             Both:        1.04 GB reserved,      45.83 MB (  4%) committed 

Chunk freelists:
   Non-Class:  13.00 KB
       Class:  0 bytes
        Both:  13.00 KB

MaxMetaspaceSize: 17179869184.00 GB
CompressedClassSpaceSize: 1.00 GB
Initial GC threshold: 20.80 MB
Current GC threshold: 58.88 MB
CDS: off

CodeHeap 'non-profiled nmethods': size=120064Kb used=2634Kb max_used=2634Kb free=117429Kb
 bounds [0x00000192a58e0000, 0x00000192a5b80000, 0x00000192ace20000]
CodeHeap 'profiled nmethods': size=120000Kb used=8647Kb max_used=8647Kb free=111353Kb
 bounds [0x000001929e3b0000, 0x000001929ec30000, 0x00000192a58e0000]
CodeHeap 'non-nmethods': size=5696Kb used=2278Kb max_used=2316Kb free=3417Kb
 bounds [0x000001929de20000, 0x000001929e090000, 0x000001929e3b0000]
 total_blobs=4766 nmethods=3997 adapters=681
 compilation: enabled
              stopped_count=0, restarted_count=0
 full_count=0

Compilation events (20 events):
Event: 15.821 Thread 0x00000192b34ee000 nmethod 3983 0x00000192a5b6c690 code [0x00000192a5b6c860, 0x00000192a5b6cb28]
Event: 15.821 Thread 0x00000192b34f3000 3989       3       jdk.internal.org.objectweb.asm.Frame::initInputFrame (158 bytes)
Event: 15.821 Thread 0x00000192b34ee000 3990       4       java.lang.invoke.LambdaForm$Name::replaceNames (174 bytes)
Event: 15.822 Thread 0x00000192b7028800 nmethod 3987 0x00000192a5b6ce90 code [0x00000192a5b6d020, 0x00000192a5b6d0f8]
Event: 15.822 Thread 0x00000192b34f3000 nmethod 3989 0x000001929ec1c810 code [0x000001929ec1ca60, 0x000001929ec1d388]
Event: 15.823 Thread 0x00000192b34f3000 3991       1       java.lang.invoke.ClassSpecializer$SpeciesData::getterFunctions (5 bytes)
Event: 15.823 Thread 0x00000192b34f3000 nmethod 3991 0x00000192a5b6d210 code [0x00000192a5b6d3c0, 0x00000192a5b6d478]
Event: 15.824 Thread 0x00000192b34f3000 3992       3       java.lang.invoke.DirectMethodHandle$Holder::invokeStatic (20 bytes)
Event: 15.824 Thread 0x00000192b34f3000 nmethod 3992 0x000001929ec1d810 code [0x000001929ec1d9e0, 0x000001929ec1df18]
Event: 15.826 Thread 0x00000192b34f3000 3995       3       java.lang.invoke.MethodHandles$Lookup::checkField (56 bytes)
Event: 15.827 Thread 0x00000192b34f3000 nmethod 3995 0x000001929ec1e090 code [0x000001929ec1e280, 0x000001929ec1e6f8]
Event: 15.829 Thread 0x00000192b7028800 3997       4       jdk.internal.org.objectweb.asm.Frame::execute (2264 bytes)
Event: 15.831 Thread 0x00000192b34f3000 3999       3       java.lang.invoke.MethodHandles$Lookup::restrictProtectedReceiver (51 bytes)
Event: 15.832 Thread 0x00000192b34f3000 nmethod 3999 0x000001929ec1e890 code [0x000001929ec1eb40, 0x000001929ec1f6a8]
Event: 15.833 Thread 0x00000192b34f3000 4000       3       java.lang.invoke.BoundMethodHandle$Specializer$Factory::chooseFieldName (25 bytes)
Event: 15.834 Thread 0x00000192b34f3000 nmethod 4000 0x000001929ec1fa10 code [0x000001929ec1fd00, 0x000001929ec209d8]
Event: 15.837 Thread 0x00000192b34f3000 4005       3       java.lang.invoke.DirectMethodHandle::make (21 bytes)
Event: 15.837 Thread 0x00000192b34f3000 nmethod 4005 0x000001929ec20f10 code [0x000001929ec210e0, 0x000001929ec212c8]
Event: 15.840 Thread 0x00000192b34f3000 4007       3       java.lang.invoke.InvokerBytecodeGenerator::<init> (80 bytes)
Event: 15.841 Thread 0x00000192b34f3000 nmethod 4007 0x000001929ec21410 code [0x000001929ec21600, 0x000001929ec219a8]

GC Heap History (14 events):
Event: 0.917 GC heap before
{Heap before GC invocations=0 (full 0):
 garbage-first heap   total 260096K, used 16384K [0x00000000a0000000, 0x0000000100000000)
  region size 1024K, 14 young (14336K), 0 survivors (0K)
 Metaspace       used 6754K, capacity 6937K, committed 7168K, reserved 1056768K
  class space    used 582K, capacity 650K, committed 768K, reserved 1048576K
}
Event: 0.928 GC heap after
{Heap after GC invocations=1 (full 0):
 garbage-first heap   total 260096K, used 4302K [0x00000000a0000000, 0x0000000100000000)
  region size 1024K, 2 young (2048K), 2 survivors (2048K)
 Metaspace       used 6754K, capacity 6937K, committed 7168K, reserved 1056768K
  class space    used 582K, capacity 650K, committed 768K, reserved 1048576K
}
Event: 1.516 GC heap before
{Heap before GC invocations=1 (full 0):
 garbage-first heap   total 260096K, used 19662K [0x00000000a0000000, 0x0000000100000000)
  region size 1024K, 14 young (14336K), 2 survivors (2048K)
 Metaspace       used 10274K, capacity 10565K, committed 10624K, reserved 1058816K
  class space    used 1072K, capacity 1139K, committed 1152K, reserved 1048576K
}
Event: 1.519 GC heap after
{Heap after GC invocations=2 (full 0):
 garbage-first heap   total 260096K, used 9837K [0x00000000a0000000, 0x0000000100000000)
  region size 1024K, 2 young (2048K), 2 survivors (2048K)
 Metaspace       used 10274K, capacity 10565K, committed 10624K, reserved 1058816K
  class space    used 1072K, capacity 1139K, committed 1152K, reserved 1048576K
}
Event: 2.531 GC heap before
{Heap before GC invocations=2 (full 0):
 garbage-first heap   total 260096K, used 38509K [0x00000000a0000000, 0x0000000100000000)
  region size 1024K, 30 young (30720K), 2 survivors (2048K)
 Metaspace       used 11247K, capacity 11520K, committed 11776K, reserved 1060864K
  class space    used 1175K, capacity 1244K, committed 1280K, reserved 1048576K
}
Event: 2.535 GC heap after
{Heap after GC invocations=3 (full 0):
 garbage-first heap   total 260096K, used 12965K [0x00000000a0000000, 0x0000000100000000)
  region size 1024K, 4 young (4096K), 4 survivors (4096K)
 Metaspace       used 11247K, capacity 11520K, committed 11776K, reserved 1060864K
  class space    used 1175K, capacity 1244K, committed 1280K, reserved 1048576K
}
Event: 5.174 GC heap before
{Heap before GC invocations=3 (full 0):
 garbage-first heap   total 260096K, used 53925K [0x00000000a0000000, 0x0000000100000000)
  region size 1024K, 45 young (46080K), 4 survivors (4096K)
 Metaspace       used 17489K, capacity 17953K, committed 18176K, reserved 1064960K
  class space    used 2051K, capacity 2179K, committed 2304K, reserved 1048576K
}
Event: 5.184 GC heap after
{Heap after GC invocations=4 (full 0):
 garbage-first heap   total 260096K, used 16461K [0x00000000a0000000, 0x0000000100000000)
  region size 1024K, 6 young (6144K), 6 survivors (6144K)
 Metaspace       used 17489K, capacity 17953K, committed 18176K, reserved 1064960K
  class space    used 2051K, capacity 2179K, committed 2304K, reserved 1048576K
}
Event: 5.873 GC heap before
{Heap before GC invocations=4 (full 0):
 garbage-first heap   total 260096K, used 43085K [0x00000000a0000000, 0x0000000100000000)
  region size 1024K, 33 young (33792K), 6 survivors (6144K)
 Metaspace       used 20666K, capacity 21172K, committed 21296K, reserved 1069056K
  class space    used 2513K, capacity 2660K, committed 2688K, reserved 1048576K
}
Event: 5.882 GC heap after
{Heap after GC invocations=5 (full 0):
 garbage-first heap   total 260096K, used 17688K [0x00000000a0000000, 0x0000000100000000)
  region size 1024K, 6 young (6144K), 6 survivors (6144K)
 Metaspace       used 20666K, capacity 21172K, committed 21296K, reserved 1069056K
  class space    used 2513K, capacity 2660K, committed 2688K, reserved 1048576K
}
Event: 7.454 GC heap before
{Heap before GC invocations=6 (full 0):
 garbage-first heap   total 260096K, used 70936K [0x00000000a0000000, 0x0000000100000000)
  region size 1024K, 59 young (60416K), 6 survivors (6144K)
 Metaspace       used 26382K, capacity 27028K, committed 27264K, reserved 1073152K
  class space    used 3424K, capacity 3640K, committed 3712K, reserved 1048576K
}
Event: 7.465 GC heap after
{Heap after GC invocations=7 (full 0):
 garbage-first heap   total 260096K, used 19505K [0x00000000a0000000, 0x0000000100000000)
  region size 1024K, 4 young (4096K), 4 survivors (4096K)
 Metaspace       used 26382K, capacity 27028K, committed 27264K, reserved 1073152K
  class space    used 3424K, capacity 3640K, committed 3712K, reserved 1048576K
}
Event: 9.768 GC heap before
{Heap before GC invocations=7 (full 0):
 garbage-first heap   total 260096K, used 81969K [0x00000000a0000000, 0x0000000100000000)
  region size 1024K, 66 young (67584K), 4 survivors (4096K)
 Metaspace       used 35124K, capacity 35909K, committed 36048K, reserved 1081344K
  class space    used 4534K, capacity 4838K, committed 4864K, reserved 1048576K
}
Event: 9.783 GC heap after
{Heap after GC invocations=8 (full 0):
 garbage-first heap   total 260096K, used 23019K [0x00000000a0000000, 0x0000000100000000)
  region size 1024K, 7 young (7168K), 7 survivors (7168K)
 Metaspace       used 35124K, capacity 35909K, committed 36048K, reserved 1081344K
  class space    used 4534K, capacity 4838K, committed 4864K, reserved 1048576K
}

Deoptimization events (20 events):
Event: 13.801 Thread 0x00000192b4db8800 DEOPT PACKING pc=0x00000192a5926e14 sp=0x000000052e7f8a70
Event: 13.801 Thread 0x00000192b4db8800 DEOPT UNPACKING pc=0x000001929de6a1af sp=0x000000052e7f89b0 mode 2
Event: 13.801 Thread 0x00000192b4db8800 Uncommon trap: trap_request=0xffffff4d fr.pc=0x00000192a5a6b040 relative=0x00000000000006c0
Event: 13.801 Thread 0x00000192b4db8800 Uncommon trap: reason=unstable_if action=reinterpret pc=0x00000192a5a6b040 method=java.util.HashMap.putVal(ILjava/lang/Object;Ljava/lang/Object;ZZ)Ljava/lang/Object; @ 85 c2
Event: 13.801 Thread 0x00000192b4db8800 DEOPT PACKING pc=0x00000192a5a6b040 sp=0x000000052e7f89a0
Event: 13.801 Thread 0x00000192b4db8800 DEOPT UNPACKING pc=0x000001929de6a1af sp=0x000000052e7f8958 mode 2
Event: 13.807 Thread 0x00000192b4db8800 Uncommon trap: trap_request=0xffffff4d fr.pc=0x00000192a5af4df8 relative=0x0000000000000318
Event: 13.807 Thread 0x00000192b4db8800 Uncommon trap: reason=unstable_if action=reinterpret pc=0x00000192a5af4df8 method=org.gradle.internal.reflect.PropertyAccessorType.isGetGetterName(Ljava/lang/String;)Z @ 14 c2
Event: 13.807 Thread 0x00000192b4db8800 DEOPT PACKING pc=0x00000192a5af4df8 sp=0x000000052e7f9490
Event: 13.807 Thread 0x00000192b4db8800 DEOPT UNPACKING pc=0x000001929de6a1af sp=0x000000052e7f93e8 mode 2
Event: 14.206 Thread 0x00000192b4db8800 Uncommon trap: trap_request=0xffffff4d fr.pc=0x00000192a5a9e008 relative=0x00000000000000e8
Event: 14.206 Thread 0x00000192b4db8800 Uncommon trap: reason=unstable_if action=reinterpret pc=0x00000192a5a9e008 method=org.objectweb.asm.ByteVector.putShort(I)Lorg/objectweb/asm/ByteVector; @ 13 c2
Event: 14.206 Thread 0x00000192b4db8800 DEOPT PACKING pc=0x00000192a5a9e008 sp=0x000000052e7f8ef0
Event: 14.206 Thread 0x00000192b4db8800 DEOPT UNPACKING pc=0x000001929de6a1af sp=0x000000052e7f8e88 mode 2
Event: 14.418 Thread 0x00000192b4f0c000 Uncommon trap: trap_request=0xffffffc6 fr.pc=0x00000192a5a909fc relative=0x00000000000001fc
Event: 14.418 Thread 0x00000192b4f0c000 Uncommon trap: reason=bimorphic_or_optimized_type_check action=maybe_recompile pc=0x00000192a5a909fc method=java.util.stream.Sink$ChainedReference.cancellationRequested()Z @ 4 c2
Event: 14.418 Thread 0x00000192b4f0c000 DEOPT PACKING pc=0x00000192a5a909fc sp=0x000000052e2fea90
Event: 14.418 Thread 0x00000192b4f0c000 DEOPT UNPACKING pc=0x000001929de6a1af sp=0x000000052e2fe9c0 mode 2
Event: 14.713 Thread 0x00000192b4db8800 DEOPT PACKING pc=0x000001929ea6f7f4 sp=0x000000052e7f8210
Event: 14.713 Thread 0x00000192b4db8800 DEOPT UNPACKING pc=0x000001929de6a95e sp=0x000000052e7f77b0 mode 0

Classes redefined (0 events):
No events

Internal exceptions (20 events):
Event: 15.025 Thread 0x00000192b4db8800 Exception <a 'java/lang/ClassNotFoundException'{0x00000000a8d47aa8}: org/gradle/api/internal/artifacts/DefaultArtifactRepositoryContainerBeanInfo> (0x00000000a8d47aa8) thrown at [./src/hotspot/share/classfile/systemDictionary.cpp, line 231]
Event: 15.026 Thread 0x00000192b4db8800 Exception <a 'java/lang/ClassNotFoundException'{0x00000000a8d721f8}: org/gradle/api/internal/DefaultNamedDomainObjectListBeanInfo> (0x00000000a8d721f8) thrown at [./src/hotspot/share/classfile/systemDictionary.cpp, line 231]
Event: 15.031 Thread 0x00000192b4db8800 Exception <a 'java/lang/ClassNotFoundException'{0x00000000a8d9e420}: org/gradle/api/internal/DefaultNamedDomainObjectCollectionBeanInfo> (0x00000000a8d9e420) thrown at [./src/hotspot/share/classfile/systemDictionary.cpp, line 231]
Event: 15.032 Thread 0x00000192b4db8800 Exception <a 'java/lang/ClassNotFoundException'{0x00000000a8dc9c90}: org/gradle/api/internal/DefaultDomainObjectCollectionBeanInfo> (0x00000000a8dc9c90) thrown at [./src/hotspot/share/classfile/systemDictionary.cpp, line 231]
Event: 15.034 Thread 0x00000192b4db8800 Exception <a 'java/lang/ClassNotFoundException'{0x00000000a8df50f8}: org/gradle/api/internal/DefaultDomainObjectCollectionCustomizer> (0x00000000a8df50f8) thrown at [./src/hotspot/share/classfile/systemDictionary.cpp, line 231]
Event: 15.038 Thread 0x00000192b4db8800 Exception <a 'java/lang/ClassNotFoundException'{0x00000000a8c3e618}: org/gradle/api/internal/DefaultNamedDomainObjectCollectionCustomizer> (0x00000000a8c3e618) thrown at [./src/hotspot/share/classfile/systemDictionary.cpp, line 231]
Event: 15.043 Thread 0x00000192b4db8800 Exception <a 'java/lang/ClassNotFoundException'{0x00000000a8c9af20}: org/gradle/api/internal/DefaultNamedDomainObjectListCustomizer> (0x00000000a8c9af20) thrown at [./src/hotspot/share/classfile/systemDictionary.cpp, line 231]
Event: 15.051 Thread 0x00000192b4db8800 Exception <a 'java/lang/ClassNotFoundException'{0x00000000a8cefd30}: org/gradle/api/internal/artifacts/DefaultArtifactRepositoryContainerCustomizer> (0x00000000a8cefd30) thrown at [./src/hotspot/share/classfile/systemDictionary.cpp, line 231]
Event: 15.053 Thread 0x00000192b4db8800 Exception <a 'java/lang/ClassNotFoundException'{0x00000000a8b3ac48}: org/gradle/api/internal/artifacts/dsl/DefaultRepositoryHandlerCustomizer> (0x00000000a8b3ac48) thrown at [./src/hotspot/share/classfile/systemDictionary.cpp, line 231]
Event: 15.056 Thread 0x00000192b4db8800 Exception <a 'java/lang/ClassNotFoundException'{0x00000000a8b98880}: org/gradle/api/internal/artifacts/dsl/DefaultRepositoryHandler_DecoratedCustomizer> (0x00000000a8b98880) thrown at [./src/hotspot/share/classfile/systemDictionary.cpp, line 231]
Event: 15.484 Thread 0x00000192b4db8800 Exception <a 'java/lang/ClassNotFoundException'{0x00000000a7feb4a0}: org/gradle/api/internal/artifacts/dsl/dependencies/DefaultDependencyHandler_DecoratedBeanInfo> (0x00000000a7feb4a0) thrown at [./src/hotspot/share/classfile/systemDictionary.cpp, line 231]
Event: 15.485 Thread 0x00000192b4db8800 Exception <a 'java/lang/ClassNotFoundException'{0x00000000a7e2a610}: org/gradle/api/internal/artifacts/dsl/dependencies/DefaultDependencyHandlerBeanInfo> (0x00000000a7e2a610) thrown at [./src/hotspot/share/classfile/systemDictionary.cpp, line 231]
Event: 15.492 Thread 0x00000192b4db8800 Exception <a 'java/lang/ClassNotFoundException'{0x00000000a7e69478}: org/gradle/api/internal/artifacts/dsl/dependencies/DefaultDependencyHandlerCustomizer> (0x00000000a7e69478) thrown at [./src/hotspot/share/classfile/systemDictionary.cpp, line 231]
Event: 15.536 Thread 0x00000192b4db8800 Exception <a 'java/lang/ClassNotFoundException'{0x00000000a7ed3210}: org/gradle/api/internal/artifacts/dsl/dependencies/DefaultDependencyHandler_DecoratedCustomizer> (0x00000000a7ed3210) thrown at [./src/hotspot/share/classfile/systemDictionary.cpp, line 231]
Event: 15.817 Thread 0x00000192b4db8800 Exception <a 'java/lang/NoSuchMethodError'{0x00000000a75b8ed8}: 'java.lang.Object java.lang.invoke.DelegatingMethodHandle$Holder.reinvoke_L(java.lang.Object, java.lang.Object, java.lang.Object, java.lang.Object, java.lang.Object, java.lang.Object, java.lang.Object, java.lang.Object, java.lang.Object, java.lang.Object, java.lang.Object, java.lang.Object, java.lang.Object, java.lang.Object, java.lang.Object, java.lang.Object, java.lang.Object, java.lang.Object, java.lang.Object, java.lang.Object, java.lang.O
Event: 15.818 Thread 0x00000192b4db8800 Exception <a 'java/lang/NoSuchMethodError'{0x00000000a75c4b38}: 'java.lang.Object java.lang.invoke.Invokers$Holder.invoker(java.lang.Object, java.lang.Object, java.lang.Object, java.lang.Object, java.lang.Object, java.lang.Object, java.lang.Object, java.lang.Object, java.lang.Object, java.lang.Object, java.lang.Object, java.lang.Object, java.lang.Object, java.lang.Object, java.lang.Object, java.lang.Object, java.lang.Object, java.lang.Object, java.lang.Object, java.lang.Object, java.lang.Object)'> (0x00000
Event: 15.818 Thread 0x00000192b4db8800 Exception <a 'java/lang/NoSuchMethodError'{0x00000000a75cbea8}: 'java.lang.Object java.lang.invoke.DelegatingMethodHandle$Holder.delegate(java.lang.Object, java.lang.Object, java.lang.Object, java.lang.Object, java.lang.Object, java.lang.Object, java.lang.Object, java.lang.Object, java.lang.Object, java.lang.Object, java.lang.Object, java.lang.Object, java.lang.Object, java.lang.Object, java.lang.Object, java.lang.Object, java.lang.Object, java.lang.Object, java.lang.Object, java.lang.Object, java.lang.Obj
Event: 15.831 Thread 0x00000192b4db8800 Exception <a 'java/lang/NoSuchMethodError'{0x00000000a7415238}: 'java.lang.Object java.lang.invoke.DirectMethodHandle$Holder.invokeStatic(java.lang.Object, java.lang.Object, java.lang.Object, java.lang.Object, java.lang.Object, java.lang.Object, java.lang.Object, java.lang.Object, java.lang.Object, java.lang.Object, java.lang.Object, java.lang.Object, java.lang.Object, java.lang.Object, java.lang.Object)'> (0x00000000a7415238) thrown at [./src/hotspot/share/interpreter/linkResolver.cpp, line 773]
Event: 15.836 Thread 0x00000192b4db8800 Exception <a 'java/lang/NoSuchMethodError'{0x00000000a7425870}: 'java.lang.Object java.lang.invoke.DirectMethodHandle$Holder.invokeStatic(java.lang.Object, java.lang.Object, java.lang.Object, java.lang.Object, java.lang.Object, java.lang.Object, java.lang.Object, java.lang.Object, java.lang.Object, java.lang.Object, java.lang.Object, java.lang.Object, java.lang.Object, java.lang.Object, java.lang.Object, java.lang.Object)'> (0x00000000a7425870) thrown at [./src/hotspot/share/interpreter/linkResolver.cpp, l
Event: 15.838 Thread 0x00000192b4db8800 Exception <a 'java/lang/NoSuchMethodError'{0x00000000a7435db8}: 'java.lang.Object java.lang.invoke.DelegatingMethodHandle$Holder.reinvoke_L(java.lang.Object, java.lang.Object, java.lang.Object, java.lang.Object, java.lang.Object, java.lang.Object, java.lang.Object, java.lang.Object, java.lang.Object, java.lang.Object, java.lang.Object, java.lang.Object, java.lang.Object, java.lang.Object, java.lang.Object, java.lang.Object, java.lang.Object, java.lang.Object, java.lang.Object, java.lang.Object)'> (0x000000

Events (20 events):
Event: 15.825 loading class java/lang/invoke/BoundMethodHandle$Species_LLLLLLLLLL
Event: 15.825 loading class java/lang/invoke/BoundMethodHandle$Species_LLLLLLLLLL done
Event: 15.826 loading class java/lang/invoke/BoundMethodHandle$Species_LLLLLLLLLLL
Event: 15.826 loading class java/lang/invoke/BoundMethodHandle$Species_LLLLLLLLLLL done
Event: 15.830 loading class java/lang/invoke/BoundMethodHandle$Species_LLLLLLLLLLLL
Event: 15.830 loading class java/lang/invoke/BoundMethodHandle$Species_LLLLLLLLLLLL done
Event: 15.835 loading class java/lang/invoke/BoundMethodHandle$Species_LLLLLLLLLLLLL
Event: 15.836 loading class java/lang/invoke/BoundMethodHandle$Species_LLLLLLLLLLLLL done
Event: 15.852 loading class org/gradle/internal/file/Deleter
Event: 15.852 loading class org/gradle/internal/file/Deleter done
Event: 15.852 loading class org/gradle/internal/execution/history/OutputsCleaner
Event: 15.852 loading class org/gradle/internal/execution/history/OutputsCleaner done
Event: 15.852 loading class org/gradle/internal/file/Deleter
Event: 15.852 loading class org/gradle/internal/file/Deleter done
Event: 15.852 loading class org/gradle/internal/execution/steps/legacy/MarkSnapshottingInputsStartedStep
Event: 15.852 loading class org/gradle/internal/execution/steps/legacy/MarkSnapshottingInputsStartedStep done
Event: 15.853 loading class org/gradle/internal/execution/steps/SkipEmptyWorkStep
Event: 15.853 loading class org/gradle/internal/execution/steps/SkipEmptyWorkStep done
Event: 15.858 loading class org/gradle/internal/execution/steps/ResolveCachingStateStep
Event: 15.858 loading class org/gradle/internal/execution/steps/ResolveCachingStateStep done


Dynamic libraries:
0x00007ff601670000 - 0x00007ff60167a000 	C:\Program Files\Android\Android Studio\jre\bin\java.exe
0x00007ffd20fc0000 - 0x00007ffd211c9000 	C:\WINDOWS\SYSTEM32\ntdll.dll
0x00007ffd1f2b0000 - 0x00007ffd1f36e000 	C:\WINDOWS\System32\KERNEL32.DLL
0x00007ffd1e550000 - 0x00007ffd1e8cb000 	C:\WINDOWS\System32\KERNELBASE.dll
0x00007ffd1ec00000 - 0x00007ffd1ed11000 	C:\WINDOWS\System32\ucrtbase.dll
0x00007ffcf6780000 - 0x00007ffcf6799000 	C:\Program Files\Android\Android Studio\jre\bin\jli.dll
0x00007ffcfcd80000 - 0x00007ffcfcd97000 	C:\Program Files\Android\Android Studio\jre\bin\VCRUNTIME140.dll
0x00007ffd1f720000 - 0x00007ffd1f8cd000 	C:\WINDOWS\System32\USER32.dll
0x00007ffcfbf90000 - 0x00007ffcfc235000 	C:\WINDOWS\WinSxS\amd64_microsoft.windows.common-controls_6595b64144ccf1df_6.0.22000.120_none_9d947278b86cc467\COMCTL32.dll
0x00007ffd1ebd0000 - 0x00007ffd1ebf6000 	C:\WINDOWS\System32\win32u.dll
0x00007ffd20a10000 - 0x00007ffd20ab3000 	C:\WINDOWS\System32\msvcrt.dll
0x00007ffd1f370000 - 0x00007ffd1f399000 	C:\WINDOWS\System32\GDI32.dll
0x00007ffd1ed20000 - 0x00007ffd1ee38000 	C:\WINDOWS\System32\gdi32full.dll
0x00007ffd1e950000 - 0x00007ffd1e9ed000 	C:\WINDOWS\System32\msvcp_win.dll
0x00007ffd20170000 - 0x00007ffd201a2000 	C:\WINDOWS\System32\IMM32.DLL
0x00007ffcedc60000 - 0x00007ffcedcfd000 	C:\Program Files\Android\Android Studio\jre\bin\msvcp140.dll
0x00007ffcac990000 - 0x00007ffcad475000 	C:\Program Files\Android\Android Studio\jre\bin\server\jvm.dll
0x00007ffd20ed0000 - 0x00007ffd20f7e000 	C:\WINDOWS\System32\ADVAPI32.dll
0x00007ffd201b0000 - 0x00007ffd2024e000 	C:\WINDOWS\System32\sechost.dll
0x00007ffd1f8e0000 - 0x00007ffd1fa00000 	C:\WINDOWS\System32\RPCRT4.dll
0x00007ffd20ac0000 - 0x00007ffd20ac8000 	C:\WINDOWS\System32\PSAPI.DLL
0x00007ffcc4ff0000 - 0x00007ffcc4ff9000 	C:\WINDOWS\SYSTEM32\WSOCK32.dll
0x00007ffd200f0000 - 0x00007ffd2015f000 	C:\WINDOWS\System32\WS2_32.dll
0x00007ffd17ad0000 - 0x00007ffd17b03000 	C:\WINDOWS\SYSTEM32\WINMM.dll
0x00007ffd1b7e0000 - 0x00007ffd1b7ea000 	C:\WINDOWS\SYSTEM32\VERSION.dll
0x00007ffd1d510000 - 0x00007ffd1d528000 	C:\WINDOWS\SYSTEM32\kernel.appcore.dll
0x00007ffcf6760000 - 0x00007ffcf6771000 	C:\Program Files\Android\Android Studio\jre\bin\verify.dll
0x00007ffd1c0e0000 - 0x00007ffd1c301000 	C:\WINDOWS\SYSTEM32\DBGHELP.DLL
0x00007ffd05280000 - 0x00007ffd052b1000 	C:\WINDOWS\SYSTEM32\dbgcore.DLL
0x00007ffd1e8d0000 - 0x00007ffd1e94f000 	C:\WINDOWS\System32\bcryptPrimitives.dll
0x00007ffcf3360000 - 0x00007ffcf3389000 	C:\Program Files\Android\Android Studio\jre\bin\java.dll
0x00007ffcf9890000 - 0x00007ffcf989b000 	C:\Program Files\Android\Android Studio\jre\bin\jimage.dll
0x00007ffcf6740000 - 0x00007ffcf6758000 	C:\Program Files\Android\Android Studio\jre\bin\zip.dll
0x00007ffd20250000 - 0x00007ffd20a08000 	C:\WINDOWS\System32\SHELL32.dll
0x00007ffd1c580000 - 0x00007ffd1cde5000 	C:\WINDOWS\SYSTEM32\windows.storage.dll
0x00007ffd1ef30000 - 0x00007ffd1f2a8000 	C:\WINDOWS\System32\combase.dll
0x00007ffd1c310000 - 0x00007ffd1c476000 	C:\WINDOWS\SYSTEM32\wintypes.dll
0x00007ffd1f470000 - 0x00007ffd1f55a000 	C:\WINDOWS\System32\SHCORE.dll
0x00007ffd1f3a0000 - 0x00007ffd1f3fd000 	C:\WINDOWS\System32\shlwapi.dll
0x00007ffd1e3c0000 - 0x00007ffd1e3e1000 	C:\WINDOWS\SYSTEM32\profapi.dll
0x00007ffcedc40000 - 0x00007ffcedc5a000 	C:\Program Files\Android\Android Studio\jre\bin\net.dll
0x00007ffd173c0000 - 0x00007ffd174d4000 	C:\WINDOWS\SYSTEM32\WINHTTP.dll
0x00007ffd1d9b0000 - 0x00007ffd1da17000 	C:\WINDOWS\system32\mswsock.dll
0x00007ffcedc20000 - 0x00007ffcedc34000 	C:\Program Files\Android\Android Studio\jre\bin\nio.dll
0x00007ffcedbf0000 - 0x00007ffcedc17000 	C:\Users\Endreo\.gradle\native\e1d6ef7f7dcc3fd88c89a11ec53ec762bb8ba0a96d01ffa2cd45eb1d1d8dd5c5\windows-amd64\native-platform.dll
0x00007ffceda60000 - 0x00007ffcedba4000 	C:\Users\Endreo\.gradle\native\0d407fdbe67a94daf76414ababcb853783967236a71b16ec16e742cd7a986fd3\windows-amd64\native-platform-file-events.dll
0x00007ffcf4890000 - 0x00007ffcf489a000 	C:\Program Files\Android\Android Studio\jre\bin\management.dll
0x00007ffcf37e0000 - 0x00007ffcf37ed000 	C:\Program Files\Android\Android Studio\jre\bin\management_ext.dll
0x00007ffd1dbf0000 - 0x00007ffd1dc08000 	C:\WINDOWS\SYSTEM32\CRYPTSP.dll
0x00007ffd1d470000 - 0x00007ffd1d4a5000 	C:\WINDOWS\system32\rsaenh.dll
0x00007ffd1daa0000 - 0x00007ffd1dac9000 	C:\WINDOWS\SYSTEM32\USERENV.dll
0x00007ffd1dd80000 - 0x00007ffd1dda7000 	C:\WINDOWS\SYSTEM32\bcrypt.dll
0x00007ffd1dc10000 - 0x00007ffd1dc1c000 	C:\WINDOWS\SYSTEM32\CRYPTBASE.dll
0x00007ffd1d040000 - 0x00007ffd1d06d000 	C:\WINDOWS\SYSTEM32\IPHLPAPI.DLL
0x00007ffd20160000 - 0x00007ffd20169000 	C:\WINDOWS\System32\NSI.dll
0x00007ffd17190000 - 0x00007ffd171a9000 	C:\WINDOWS\SYSTEM32\dhcpcsvc6.DLL
0x00007ffd18070000 - 0x00007ffd1808e000 	C:\WINDOWS\SYSTEM32\dhcpcsvc.DLL
0x00007ffd1d0b0000 - 0x00007ffd1d198000 	C:\WINDOWS\SYSTEM32\DNSAPI.dll

dbghelp: loaded successfully - version: 4.0.5 - missing functions: none
symbol engine: initialized successfully - sym options: 0x614 - pdb path: .;C:\Program Files\Android\Android Studio\jre\bin;C:\WINDOWS\SYSTEM32;C:\WINDOWS\WinSxS\amd64_microsoft.windows.common-controls_6595b64144ccf1df_6.0.22000.120_none_9d947278b86cc467;C:\Program Files\Android\Android Studio\jre\bin\server;C:\Users\Endreo\.gradle\native\e1d6ef7f7dcc3fd88c89a11ec53ec762bb8ba0a96d01ffa2cd45eb1d1d8dd5c5\windows-amd64;C:\Users\Endreo\.gradle\native\0d407fdbe67a94daf76414ababcb853783967236a71b16ec16e742cd7a986fd3\windows-amd64

VM Arguments:
jvm_args: --add-opens=java.base/java.util=ALL-UNNAMED --add-opens=java.base/java.lang=ALL-UNNAMED --add-opens=java.base/java.lang.invoke=ALL-UNNAMED --add-opens=java.base/java.util=ALL-UNNAMED --add-opens=java.prefs/java.util.prefs=ALL-UNNAMED --add-opens=java.prefs/java.util.prefs=ALL-UNNAMED --add-opens=java.base/java.nio.charset=ALL-UNNAMED --add-opens=java.base/java.net=ALL-UNNAMED --add-opens=java.base/java.util.concurrent.atomic=ALL-UNNAMED -Xmx1536M -Dfile.encoding=windows-1252 -Duser.country=BR -Duser.language=pt -Duser.variant 
java_command: org.gradle.launcher.daemon.bootstrap.GradleDaemon 7.4
java_class_path (initial): C:\Users\Endreo\.gradle\wrapper\dists\gradle-7.4-all\aadb4xli5jkdsnukm30eibyiu\gradle-7.4\lib\gradle-launcher-7.4.jar
Launcher Type: SUN_STANDARD

[Global flags]
     intx CICompilerCount                          = 3                                         {product} {ergonomic}
     uint ConcGCThreads                            = 1                                         {product} {ergonomic}
     uint G1ConcRefinementThreads                  = 4                                         {product} {ergonomic}
   size_t G1HeapRegionSize                         = 1048576                                   {product} {ergonomic}
    uintx GCDrainStackTargetSize                   = 64                                        {product} {ergonomic}
   size_t InitialHeapSize                          = 266338304                                 {product} {ergonomic}
   size_t MarkStackSize                            = 4194304                                   {product} {ergonomic}
   size_t MaxHeapSize                              = 1610612736                                {product} {command line}
   size_t MaxNewSize                               = 965738496                                 {product} {ergonomic}
   size_t MinHeapDeltaBytes                        = 1048576                                   {product} {ergonomic}
    uintx NonNMethodCodeHeapSize                   = 5830732                                {pd product} {ergonomic}
    uintx NonProfiledCodeHeapSize                  = 122913754                              {pd product} {ergonomic}
    uintx ProfiledCodeHeapSize                     = 122913754                              {pd product} {ergonomic}
    uintx ReservedCodeCacheSize                    = 251658240                              {pd product} {ergonomic}
     bool SegmentedCodeCache                       = true                                      {product} {ergonomic}
     bool UseCompressedClassPointers               = true                                 {lp64_product} {ergonomic}
     bool UseCompressedOops                        = true                                 {lp64_product} {ergonomic}
     bool UseG1GC                                  = true                                      {product} {ergonomic}
     bool UseLargePagesIndividualAllocation        = false                                  {pd product} {ergonomic}

Logging:
Log output configuration:
 #0: stdout all=warning uptime,level,tags
 #1: stderr all=off uptime,level,tags

Environment Variables:
JAVA_HOME=C:\Program Files\Android\Android Studio\jre
CLASSPATH=C:\Users\Endreo\alpha_conecta\android\\gradle\wrapper\gradle-wrapper.jar
PATH=C:\Program Files\Common Files\Oracle\Java\javapath;C:\Program Files (x86)\Common Files\Oracle\Java\javapath;C:\WINDOWS\system32;C:\WINDOWS;C:\WINDOWS\System32\Wbem;C:\WINDOWS\System32\WindowsPowerShell\v1.0\;C:\WINDOWS\System32\OpenSSH\;C:\Program Files\Microsoft SQL Server\Client SDK\ODBC\170\Tools\Binn\;C:\Program Files (x86)\Microsoft SQL Server\150\Tools\Binn\;C:\Program Files\Microsoft SQL Server\150\Tools\Binn\;C:\Program Files\Microsoft SQL Server\150\DTS\Binn\;C:\Program Files (x86)\Microsoft SQL Server\150\DTS\Binn\;C:\Program Files\Azure Data Studio\bin;C:\xampp\php;C:\ProgramData\ComposerSetup\bin;C:\Program Files\Git\cmd;C:\src\flutter\bin;C:\Program Files\nodejs\;C:\ProgramData\chocolatey\bin;C:\Program Files (x86)\Yarn\bin\;C:\Program Files\dotnet\;C:\Program Files\Docker\Docker\resources\bin;C:\ProgramData\DockerDesktop\version-bin;C:\Program Files (x86)\dotnet\;C:\Program Files\PuTTY\;C:\Users\Endreo\AppData\Local\Programs\Python\Python310\Scripts\;C:\Users\Endreo\AppData\Local\Programs\Python\Python310\;C:\Users\Endreo\AppData\Local\Microsoft\WindowsApps;C:\Program Files\Azure Data Studio\bin;C:\Users\Endreo\AppData\Roaming\Composer\vendor\bin;C:\src\flutter\bin;C:\Users\Endreo\AppData\Roaming\npm;C:\Users\Endreo\AppData\Local\Android\Sdk\platform-tools;C:\Users\Endreo\AppData\Local\Yarn\bin;C:\Users\Endreo\.dotnet\tools;C:\Users\Endreo\AppData\Local\Programs\Microsoft VS Code\bin;C:\src\flutter\bin\mingit\cmd
USERNAME=Endreo
OS=Windows_NT
PROCESSOR_IDENTIFIER=Intel64 Family 6 Model 142 Stepping 9, GenuineIntel



---------------  S Y S T E M  ---------------

OS: Windows 10 , 64 bit Build 22000 (10.0.22000.1219)
OS uptime: 12 days 11:30 hours
Hyper-V role detected

CPU:total 4 (initial active 4) (2 cores per cpu, 2 threads per core) family 6 model 142 stepping 9 microcode 0xde, cmov, cx8, fxsr, mmx, sse, sse2, sse3, ssse3, sse4.1, sse4.2, popcnt, avx, avx2, aes, clmul, erms, 3dnowpref, lzcnt, ht, tsc, tscinvbit, bmi1, bmi2, adx, fma

Memory: 4k page, system-wide physical 16155M (403M free)
TotalPageFile size 65307M (AvailPageFile size 2M)
current process WorkingSet (physical memory assigned to process): 309M, peak: 309M
current process commit charge ("private bytes"): 436M, peak: 453M

vm_info: OpenJDK 64-Bit Server VM (11.0.12+7-b1504.28-7817840) for windows-amd64 JRE (11.0.12+7-b1504.28-7817840), built on Oct 13 2021 22:12:33 by "builder" with MS VC++ 14.0 (VS2015)

END.
